Starting Prediction Pro scan at 2026-05-08 15:30
Polymarket fetch error: 'list' object has no attribute 'get'
Polymarket fetch error: 'list' object has no attribute 'get'
Prediction Pro scan complete
Starting Prediction Pro scan at 2026-05-08 16:00
Polymarket fetch error: 'list' object has no attribute 'get'
Polymarket fetch error: 'list' object has no attribute 'get'
Prediction Pro scan complete
Starting Prediction Pro scan at 2026-05-08 17:00
Polymarket fetch error: 'list' object has no attribute 'get'
Polymarket fetch error: 'list' object has no attribute 'get'
Prediction Pro scan complete
Starting Prediction Pro scan at 2026-05-09 04:00
Polymarket fetch error: 'list' object has no attribute 'get'
Polymarket fetch error: 'list' object has no attribute 'get'
Prediction Pro scan complete
Starting Prediction Pro scan at 2026-05-09 04:30
Polymarket fetch error: 'list' object has no attribute 'get'
Polymarket fetch error: 'list' object has no attribute 'get'
Prediction Pro scan complete
Starting Prediction Pro scan at 2026-05-09 05:00
Polymarket fetch error: 'list' object has no attribute 'get'
Polymarket fetch error: 'list' object has no attribute 'get'
Prediction Pro scan complete
Starting Prediction Pro scan at 2026-05-09 05:30
Polymarket fetch error: 'list' object has no attribute 'get'
Polymarket fetch error: 'list' object has no attribute 'get'
Prediction Pro scan complete
Starting Prediction Pro scan at 2026-05-09 06:00
Polymarket fetch error: 'list' object has no attribute 'get'
Polymarket fetch error: 'list' object has no attribute 'get'
Prediction Pro scan complete
Starting Prediction Pro scan at 2026-05-09 06:30
Polymarket fetch error: 'list' object has no attribute 'get'
Polymarket fetch error: 'list' object has no attribute 'get'
Prediction Pro scan complete
Starting Prediction Pro scan at 2026-05-09 07:00
Polymarket fetch error: 'list' object has no attribute 'get'
Polymarket fetch error: 'list' object has no attribute 'get'
Prediction Pro scan complete
Starting Prediction Pro scan at 2026-05-09 07:30
Polymarket fetch error: 'list' object has no attribute 'get'
Polymarket fetch error: 'list' object has no attribute 'get'
Prediction Pro scan complete
Starting Prediction Pro scan at 2026-05-09 08:00
Polymarket fetch error: 'list' object has no attribute 'get'
Polymarket fetch error: 'list' object has no attribute 'get'
Prediction Pro scan complete
Starting Prediction Pro scan at 2026-05-09 08:30
Polymarket fetch error: 'list' object has no attribute 'get'
Polymarket fetch error: 'list' object has no attribute 'get'
Prediction Pro scan complete
Starting Prediction Pro scan at 2026-05-09 09:00
Polymarket fetch error: 'list' object has no attribute 'get'
Polymarket fetch error: 'list' object has no attribute 'get'
Prediction Pro scan complete
Starting Prediction Pro scan at 2026-05-09 09:30
Polymarket fetch error: 'list' object has no attribute 'get'
Polymarket fetch error: 'list' object has no attribute 'get'
Prediction Pro scan complete
Starting Prediction Pro scan at 2026-05-09 10:00
Polymarket fetch error: 'list' object has no attribute 'get'
Polymarket fetch error: 'list' object has no attribute 'get'
Prediction Pro scan complete
Starting Prediction Pro scan at 2026-05-09 10:30
Polymarket fetch error: 'list' object has no attribute 'get'
Polymarket fetch error: 'list' object has no attribute 'get'
Prediction Pro scan complete
Starting Prediction Pro scan at 2026-05-09 11:00
Polymarket fetch error: 'list' object has no attribute 'get'
Polymarket fetch error: 'list' object has no attribute 'get'
Prediction Pro scan complete
Starting Prediction Pro scan at 2026-05-09 11:30
Polymarket fetch error: 'list' object has no attribute 'get'
Polymarket fetch error: 'list' object has no attribute 'get'
Prediction Pro scan complete
Starting Prediction Pro scan at 2026-05-09 12:00
Polymarket fetch error: 'list' object has no attribute 'get'
Polymarket fetch error: 'list' object has no attribute 'get'
Prediction Pro scan complete
Starting Prediction Pro scan at 2026-05-09 12:30
Polymarket fetch error: 'list' object has no attribute 'get'
Polymarket fetch error: 'list' object has no attribute 'get'
Prediction Pro scan complete
Starting Prediction Pro scan at 2026-05-09 13:00
Polymarket fetch error: 'list' object has no attribute 'get'
Polymarket fetch error: 'list' object has no attribute 'get'
Prediction Pro scan complete
Starting Prediction Pro scan at 2026-05-09 13:30
Polymarket fetch error: 'list' object has no attribute 'get'
Polymarket fetch error: 'list' object has no attribute 'get'
Prediction Pro scan complete
Starting Prediction Pro scan at 2026-05-09 14:00
Polymarket fetch error: 'list' object has no attribute 'get'
Polymarket fetch error: 'list' object has no attribute 'get'
Prediction Pro scan complete
Starting Prediction Pro scan at 2026-05-09 14:30
Polymarket fetch error: 'list' object has no attribute 'get'
Polymarket fetch error: 'list' object has no attribute 'get'
Prediction Pro scan complete
Starting Prediction Pro scan at 2026-05-09 15:00
Polymarket fetch error: 'list' object has no attribute 'get'
Polymarket fetch error: 'list' object has no attribute 'get'
Prediction Pro scan complete
Starting Prediction Pro scan at 2026-05-09 15:00
Polymarket fetch error: 'list' object has no attribute 'get'
Polymarket fetch error: 'list' object has no attribute 'get'
Prediction Pro scan complete
Starting Prediction Pro scan at 2026-05-09 15:30
Polymarket fetch error: 'list' object has no attribute 'get'
Polymarket fetch error: 'list' object has no attribute 'get'
Prediction Pro scan complete
Starting Prediction Pro scan at 2026-05-09 16:00
Polymarket fetch error: 'list' object has no attribute 'get'
Polymarket fetch error: 'list' object has no attribute 'get'
Prediction Pro scan complete
Starting Prediction Pro scan at 2026-05-09 17:00
Polymarket fetch error: 'list' object has no attribute 'get'
Polymarket fetch error: 'list' object has no attribute 'get'
Prediction Pro scan complete
Starting Prediction Pro scan at 2026-05-10 04:00
Polymarket fetch error: 'list' object has no attribute 'get'
Polymarket fetch error: 'list' object has no attribute 'get'
Prediction Pro scan complete
Starting Prediction Pro scan at 2026-05-10 04:30
Polymarket fetch error: 'list' object has no attribute 'get'
Polymarket fetch error: 'list' object has no attribute 'get'
Prediction Pro scan complete
Starting Prediction Pro scan at 2026-05-10 05:00
Polymarket fetch error: 'list' object has no attribute 'get'
Polymarket fetch error: 'list' object has no attribute 'get'
Prediction Pro scan complete
Starting Prediction Pro scan at 2026-05-10 05:30
Polymarket fetch error: 'list' object has no attribute 'get'
Polymarket fetch error: 'list' object has no attribute 'get'
Prediction Pro scan complete
Starting Prediction Pro scan at 2026-05-10 06:00
Polymarket fetch error: 'list' object has no attribute 'get'
Polymarket fetch error: 'list' object has no attribute 'get'
Prediction Pro scan complete
Starting Prediction Pro scan at 2026-05-10 06:30
Polymarket fetch error: 'list' object has no attribute 'get'
Polymarket fetch error: 'list' object has no attribute 'get'
Prediction Pro scan complete
Starting Prediction Pro scan at 2026-05-10 07:00
Polymarket fetch error: 'list' object has no attribute 'get'
Polymarket fetch error: 'list' object has no attribute 'get'
Prediction Pro scan complete
Starting Prediction Pro scan at 2026-05-10 07:30
Polymarket fetch error: 'list' object has no attribute 'get'
Polymarket fetch error: 'list' object has no attribute 'get'
Prediction Pro scan complete
Starting Prediction Pro scan at 2026-05-10 08:00
Polymarket fetch error: 'list' object has no attribute 'get'
Polymarket fetch error: 'list' object has no attribute 'get'
Prediction Pro scan complete
Starting Prediction Pro scan at 2026-05-10 08:30
Polymarket fetch error: 'list' object has no attribute 'get'
Polymarket fetch error: 'list' object has no attribute 'get'
Prediction Pro scan complete
Starting Prediction Pro scan at 2026-05-10 09:00
Polymarket fetch error: 'list' object has no attribute 'get'
Polymarket fetch error: 'list' object has no attribute 'get'
Prediction Pro scan complete
Starting Prediction Pro scan at 2026-05-10 09:30
Polymarket fetch error: 'list' object has no attribute 'get'
Polymarket fetch error: 'list' object has no attribute 'get'
Prediction Pro scan complete
Starting Prediction Pro scan at 2026-05-10 10:00
Polymarket fetch error: 'list' object has no attribute 'get'
Polymarket fetch error: 'list' object has no attribute 'get'
Prediction Pro scan complete
Starting Prediction Pro scan at 2026-05-10 10:30
Polymarket fetch error: 'list' object has no attribute 'get'
Polymarket fetch error: 'list' object has no attribute 'get'
Prediction Pro scan complete
Starting Prediction Pro scan at 2026-05-10 11:00
Polymarket fetch error: 'list' object has no attribute 'get'
Polymarket fetch error: 'list' object has no attribute 'get'
Prediction Pro scan complete
Starting Prediction Pro scan at 2026-05-10 11:30
Polymarket fetch error: 'list' object has no attribute 'get'
Polymarket fetch error: 'list' object has no attribute 'get'
Prediction Pro scan complete
Starting Prediction Pro scan at 2026-05-10 12:00
Polymarket fetch error: 'list' object has no attribute 'get'
Polymarket fetch error: 'list' object has no attribute 'get'
Prediction Pro scan complete
Starting Prediction Pro scan at 2026-05-10 12:30
Polymarket fetch error: 'list' object has no attribute 'get'
Polymarket fetch error: 'list' object has no attribute 'get'
Prediction Pro scan complete
Starting Prediction Pro scan at 2026-05-10 13:00
Polymarket fetch error: 'list' object has no attribute 'get'
Polymarket fetch error: 'list' object has no attribute 'get'
Prediction Pro scan complete
Starting Prediction Pro scan at 2026-05-10 13:30
Polymarket fetch error: 'list' object has no attribute 'get'
Polymarket fetch error: 'list' object has no attribute 'get'
Prediction Pro scan complete
Starting Prediction Pro scan at 2026-05-10 14:00
Polymarket fetch error: 'list' object has no attribute 'get'
Polymarket fetch error: 'list' object has no attribute 'get'
Prediction Pro scan complete
Starting Prediction Pro scan at 2026-05-10 14:30
Polymarket fetch error: 'list' object has no attribute 'get'
Polymarket fetch error: 'list' object has no attribute 'get'
Prediction Pro scan complete
Starting Prediction Pro scan at 2026-05-10 15:00
Polymarket fetch error: 'list' object has no attribute 'get'
Polymarket fetch error: 'list' object has no attribute 'get'
Prediction Pro scan complete
Starting Prediction Pro scan at 2026-05-10 15:00
Polymarket fetch error: 'list' object has no attribute 'get'
Polymarket fetch error: 'list' object has no attribute 'get'
Prediction Pro scan complete
Starting Prediction Pro scan at 2026-05-10 15:30
Polymarket fetch error: 'list' object has no attribute 'get'
Polymarket fetch error: 'list' object has no attribute 'get'
Prediction Pro scan complete
Starting Prediction Pro scan at 2026-05-10 16:00
Polymarket fetch error: 'list' object has no attribute 'get'
Polymarket fetch error: 'list' object has no attribute 'get'
Prediction Pro scan complete
Starting Prediction Pro scan at 2026-05-10 17:00
Polymarket fetch error: 'list' object has no attribute 'get'
Polymarket fetch error: 'list' object has no attribute 'get'
Prediction Pro scan complete
Starting Prediction Pro scan at 2026-05-11 04:00
Polymarket fetch error: 'list' object has no attribute 'get'
Polymarket fetch error: 'list' object has no attribute 'get'
Prediction Pro scan complete
Starting Prediction Pro scan at 2026-05-11 04:30
Polymarket fetch error: 'list' object has no attribute 'get'
Polymarket fetch error: 'list' object has no attribute 'get'
Prediction Pro scan complete
Starting Prediction Pro scan at 2026-05-11 05:00
Polymarket fetch error: 'list' object has no attribute 'get'
Polymarket fetch error: 'list' object has no attribute 'get'
Prediction Pro scan complete
Starting Prediction Pro scan at 2026-05-11 05:30
Polymarket fetch error: 'list' object has no attribute 'get'
Polymarket fetch error: 'list' object has no attribute 'get'
Prediction Pro scan complete
Starting Prediction Pro scan at 2026-05-11 06:00
Polymarket fetch error: 'list' object has no attribute 'get'
Polymarket fetch error: 'list' object has no attribute 'get'
Prediction Pro scan complete
Starting Prediction Pro scan at 2026-05-11 06:30
Polymarket fetch error: 'list' object has no attribute 'get'
Polymarket fetch error: 'list' object has no attribute 'get'
Prediction Pro scan complete
Starting Prediction Pro scan at 2026-05-11 07:00
Polymarket fetch error: 'list' object has no attribute 'get'
Polymarket fetch error: 'list' object has no attribute 'get'
Prediction Pro scan complete
Starting Prediction Pro scan at 2026-05-11 07:30
Polymarket fetch error: 'list' object has no attribute 'get'
Polymarket fetch error: 'list' object has no attribute 'get'
Prediction Pro scan complete
Starting Prediction Pro scan at 2026-05-11 08:00
Polymarket fetch error: 'list' object has no attribute 'get'
Polymarket fetch error: 'list' object has no attribute 'get'
Prediction Pro scan complete
Starting Prediction Pro scan at 2026-05-11 08:30
Polymarket fetch error: 'list' object has no attribute 'get'
Polymarket fetch error: 'list' object has no attribute 'get'
Prediction Pro scan complete
Starting Prediction Pro scan at 2026-05-11 09:00
Polymarket fetch error: 'list' object has no attribute 'get'
Polymarket fetch error: 'list' object has no attribute 'get'
Prediction Pro scan complete
Starting Prediction Pro scan at 2026-05-11 09:30
Polymarket fetch error: 'list' object has no attribute 'get'
Polymarket fetch error: 'list' object has no attribute 'get'
Prediction Pro scan complete
Starting Prediction Pro scan at 2026-05-11 10:00
Polymarket fetch error: 'list' object has no attribute 'get'
Polymarket fetch error: 'list' object has no attribute 'get'
Prediction Pro scan complete
Starting Prediction Pro scan at 2026-05-11 10:30
Polymarket fetch error: 'list' object has no attribute 'get'
Polymarket fetch error: 'list' object has no attribute 'get'
Prediction Pro scan complete
Starting Prediction Pro scan at 2026-05-11 11:00
Polymarket fetch error: 'list' object has no attribute 'get'
Polymarket fetch error: 'list' object has no attribute 'get'
Prediction Pro scan complete
Starting Prediction Pro scan at 2026-05-11 11:30
Polymarket fetch error: 'list' object has no attribute 'get'
Polymarket fetch error: 'list' object has no attribute 'get'
Prediction Pro scan complete
Starting Prediction Pro scan at 2026-05-11 12:00
Polymarket fetch error: 'list' object has no attribute 'get'
Polymarket fetch error: 'list' object has no attribute 'get'
Prediction Pro scan complete
Starting Prediction Pro scan at 2026-05-11 12:30
Polymarket fetch error: 'list' object has no attribute 'get'
Polymarket fetch error: 'list' object has no attribute 'get'
Prediction Pro scan complete
Starting Prediction Pro scan at 2026-05-11 13:00
Polymarket fetch error: 'list' object has no attribute 'get'
Polymarket fetch error: 'list' object has no attribute 'get'
Prediction Pro scan complete
Starting Prediction Pro scan at 2026-05-11 13:30
Polymarket fetch error: 'list' object has no attribute 'get'
Polymarket fetch error: 'list' object has no attribute 'get'
Prediction Pro scan complete
Starting Prediction Pro scan at 2026-05-11 14:00
Polymarket fetch error: 'list' object has no attribute 'get'
Polymarket fetch error: 'list' object has no attribute 'get'
Prediction Pro scan complete
Starting Prediction Pro scan at 2026-05-11 14:30
Polymarket fetch error: 'list' object has no attribute 'get'
Polymarket fetch error: 'list' object has no attribute 'get'
Prediction Pro scan complete
Starting Prediction Pro scan at 2026-05-11 15:00
Polymarket fetch error: 'list' object has no attribute 'get'
Polymarket fetch error: 'list' object has no attribute 'get'
Prediction Pro scan complete
Starting Prediction Pro scan at 2026-05-11 15:00
Polymarket fetch error: 'list' object has no attribute 'get'
Polymarket fetch error: 'list' object has no attribute 'get'
Prediction Pro scan complete
Starting Prediction Pro scan at 2026-05-11 15:30
Polymarket fetch error: 'list' object has no attribute 'get'
Polymarket fetch error: 'list' object has no attribute 'get'
Prediction Pro scan complete
Starting Prediction Pro scan at 2026-05-11 16:00
Polymarket fetch error: 'list' object has no attribute 'get'
Polymarket fetch error: 'list' object has no attribute 'get'
Prediction Pro scan complete
Starting Prediction Pro scan at 2026-05-11 17:00
Polymarket fetch error: 'list' object has no attribute 'get'
Polymarket fetch error: 'list' object has no attribute 'get'
Prediction Pro scan complete
Starting Prediction Pro scan at 2026-05-12 04:00
Traceback (most recent call last):
  File "/mnt/user/overnight-edge/services/prediction_pro.py", line 290, in <module>
    main()
  File "/mnt/user/overnight-edge/services/prediction_pro.py", line 252, in main
    shifts = check_probability_shifts()
             ^^^^^^^^^^^^^^^^^^^^^^^^^^
  File "/mnt/user/overnight-edge/services/prediction_pro.py", line 113, in check_probability_shifts
    if m["volume"] > 100000 and (prob < 30 or prob > 70):
       ^^^^^^^^^^^^^^^^^^^^
TypeError: '>' not supported between instances of 'str' and 'int'
Starting Prediction Pro scan at 2026-05-12 04:30
Traceback (most recent call last):
  File "/mnt/user/overnight-edge/services/prediction_pro.py", line 290, in <module>
    main()
  File "/mnt/user/overnight-edge/services/prediction_pro.py", line 252, in main
    shifts = check_probability_shifts()
             ^^^^^^^^^^^^^^^^^^^^^^^^^^
  File "/mnt/user/overnight-edge/services/prediction_pro.py", line 113, in check_probability_shifts
    if m["volume"] > 100000 and (prob < 30 or prob > 70):
       ^^^^^^^^^^^^^^^^^^^^
TypeError: '>' not supported between instances of 'str' and 'int'
Starting Prediction Pro scan at 2026-05-12 05:00
Traceback (most recent call last):
  File "/mnt/user/overnight-edge/services/prediction_pro.py", line 290, in <module>
    main()
  File "/mnt/user/overnight-edge/services/prediction_pro.py", line 252, in main
    shifts = check_probability_shifts()
             ^^^^^^^^^^^^^^^^^^^^^^^^^^
  File "/mnt/user/overnight-edge/services/prediction_pro.py", line 113, in check_probability_shifts
    if m["volume"] > 100000 and (prob < 30 or prob > 70):
       ^^^^^^^^^^^^^^^^^^^^
TypeError: '>' not supported between instances of 'str' and 'int'
Starting Prediction Pro scan at 2026-05-12 05:30
Traceback (most recent call last):
  File "/mnt/user/overnight-edge/services/prediction_pro.py", line 290, in <module>
    main()
  File "/mnt/user/overnight-edge/services/prediction_pro.py", line 252, in main
    shifts = check_probability_shifts()
             ^^^^^^^^^^^^^^^^^^^^^^^^^^
  File "/mnt/user/overnight-edge/services/prediction_pro.py", line 113, in check_probability_shifts
    if m["volume"] > 100000 and (prob < 30 or prob > 70):
       ^^^^^^^^^^^^^^^^^^^^
TypeError: '>' not supported between instances of 'str' and 'int'
Starting Prediction Pro scan at 2026-05-12 06:00
Traceback (most recent call last):
  File "/mnt/user/overnight-edge/services/prediction_pro.py", line 290, in <module>
    main()
  File "/mnt/user/overnight-edge/services/prediction_pro.py", line 252, in main
    shifts = check_probability_shifts()
             ^^^^^^^^^^^^^^^^^^^^^^^^^^
  File "/mnt/user/overnight-edge/services/prediction_pro.py", line 113, in check_probability_shifts
    if m["volume"] > 100000 and (prob < 30 or prob > 70):
       ^^^^^^^^^^^^^^^^^^^^
TypeError: '>' not supported between instances of 'str' and 'int'
Starting Prediction Pro scan at 2026-05-12 06:30
Traceback (most recent call last):
  File "/mnt/user/overnight-edge/services/prediction_pro.py", line 290, in <module>
    main()
  File "/mnt/user/overnight-edge/services/prediction_pro.py", line 252, in main
    shifts = check_probability_shifts()
             ^^^^^^^^^^^^^^^^^^^^^^^^^^
  File "/mnt/user/overnight-edge/services/prediction_pro.py", line 113, in check_probability_shifts
    if m["volume"] > 100000 and (prob < 30 or prob > 70):
       ^^^^^^^^^^^^^^^^^^^^
TypeError: '>' not supported between instances of 'str' and 'int'
Starting Prediction Pro scan at 2026-05-12 07:00
Traceback (most recent call last):
  File "/mnt/user/overnight-edge/services/prediction_pro.py", line 290, in <module>
    main()
  File "/mnt/user/overnight-edge/services/prediction_pro.py", line 252, in main
    shifts = check_probability_shifts()
             ^^^^^^^^^^^^^^^^^^^^^^^^^^
  File "/mnt/user/overnight-edge/services/prediction_pro.py", line 113, in check_probability_shifts
    if m["volume"] > 100000 and (prob < 30 or prob > 70):
       ^^^^^^^^^^^^^^^^^^^^
TypeError: '>' not supported between instances of 'str' and 'int'
Starting Prediction Pro scan at 2026-05-12 07:30
Traceback (most recent call last):
  File "/mnt/user/overnight-edge/services/prediction_pro.py", line 290, in <module>
    main()
  File "/mnt/user/overnight-edge/services/prediction_pro.py", line 252, in main
    shifts = check_probability_shifts()
             ^^^^^^^^^^^^^^^^^^^^^^^^^^
  File "/mnt/user/overnight-edge/services/prediction_pro.py", line 113, in check_probability_shifts
    if m["volume"] > 100000 and (prob < 30 or prob > 70):
       ^^^^^^^^^^^^^^^^^^^^
TypeError: '>' not supported between instances of 'str' and 'int'
Starting Prediction Pro scan at 2026-05-12 08:00
Traceback (most recent call last):
  File "/mnt/user/overnight-edge/services/prediction_pro.py", line 290, in <module>
    main()
  File "/mnt/user/overnight-edge/services/prediction_pro.py", line 252, in main
    shifts = check_probability_shifts()
             ^^^^^^^^^^^^^^^^^^^^^^^^^^
  File "/mnt/user/overnight-edge/services/prediction_pro.py", line 113, in check_probability_shifts
    if m["volume"] > 100000 and (prob < 30 or prob > 70):
       ^^^^^^^^^^^^^^^^^^^^
TypeError: '>' not supported between instances of 'str' and 'int'
Starting Prediction Pro scan at 2026-05-12 08:30
Traceback (most recent call last):
  File "/mnt/user/overnight-edge/services/prediction_pro.py", line 290, in <module>
    main()
  File "/mnt/user/overnight-edge/services/prediction_pro.py", line 252, in main
    shifts = check_probability_shifts()
             ^^^^^^^^^^^^^^^^^^^^^^^^^^
  File "/mnt/user/overnight-edge/services/prediction_pro.py", line 113, in check_probability_shifts
    if m["volume"] > 100000 and (prob < 30 or prob > 70):
       ^^^^^^^^^^^^^^^^^^^^
TypeError: '>' not supported between instances of 'str' and 'int'
Starting Prediction Pro scan at 2026-05-12 09:00
Traceback (most recent call last):
  File "/mnt/user/overnight-edge/services/prediction_pro.py", line 290, in <module>
    main()
  File "/mnt/user/overnight-edge/services/prediction_pro.py", line 252, in main
    shifts = check_probability_shifts()
             ^^^^^^^^^^^^^^^^^^^^^^^^^^
  File "/mnt/user/overnight-edge/services/prediction_pro.py", line 113, in check_probability_shifts
    if m["volume"] > 100000 and (prob < 30 or prob > 70):
       ^^^^^^^^^^^^^^^^^^^^
TypeError: '>' not supported between instances of 'str' and 'int'
Starting Prediction Pro scan at 2026-05-12 09:30
Traceback (most recent call last):
  File "/mnt/user/overnight-edge/services/prediction_pro.py", line 290, in <module>
    main()
  File "/mnt/user/overnight-edge/services/prediction_pro.py", line 252, in main
    shifts = check_probability_shifts()
             ^^^^^^^^^^^^^^^^^^^^^^^^^^
  File "/mnt/user/overnight-edge/services/prediction_pro.py", line 113, in check_probability_shifts
    if m["volume"] > 100000 and (prob < 30 or prob > 70):
       ^^^^^^^^^^^^^^^^^^^^
TypeError: '>' not supported between instances of 'str' and 'int'
Starting Prediction Pro scan at 2026-05-12 10:00
Traceback (most recent call last):
  File "/mnt/user/overnight-edge/services/prediction_pro.py", line 290, in <module>
    main()
  File "/mnt/user/overnight-edge/services/prediction_pro.py", line 252, in main
    shifts = check_probability_shifts()
             ^^^^^^^^^^^^^^^^^^^^^^^^^^
  File "/mnt/user/overnight-edge/services/prediction_pro.py", line 113, in check_probability_shifts
    if m["volume"] > 100000 and (prob < 30 or prob > 70):
       ^^^^^^^^^^^^^^^^^^^^
TypeError: '>' not supported between instances of 'str' and 'int'
Starting Prediction Pro scan at 2026-05-12 10:30
Traceback (most recent call last):
  File "/mnt/user/overnight-edge/services/prediction_pro.py", line 290, in <module>
    main()
  File "/mnt/user/overnight-edge/services/prediction_pro.py", line 252, in main
    shifts = check_probability_shifts()
             ^^^^^^^^^^^^^^^^^^^^^^^^^^
  File "/mnt/user/overnight-edge/services/prediction_pro.py", line 113, in check_probability_shifts
    if m["volume"] > 100000 and (prob < 30 or prob > 70):
       ^^^^^^^^^^^^^^^^^^^^
TypeError: '>' not supported between instances of 'str' and 'int'
Starting Prediction Pro scan at 2026-05-12 11:00
Traceback (most recent call last):
  File "/mnt/user/overnight-edge/services/prediction_pro.py", line 290, in <module>
    main()
  File "/mnt/user/overnight-edge/services/prediction_pro.py", line 252, in main
    shifts = check_probability_shifts()
             ^^^^^^^^^^^^^^^^^^^^^^^^^^
  File "/mnt/user/overnight-edge/services/prediction_pro.py", line 113, in check_probability_shifts
    if m["volume"] > 100000 and (prob < 30 or prob > 70):
       ^^^^^^^^^^^^^^^^^^^^
TypeError: '>' not supported between instances of 'str' and 'int'
Starting Prediction Pro scan at 2026-05-12 11:30
Traceback (most recent call last):
  File "/mnt/user/overnight-edge/services/prediction_pro.py", line 290, in <module>
    main()
  File "/mnt/user/overnight-edge/services/prediction_pro.py", line 252, in main
    shifts = check_probability_shifts()
             ^^^^^^^^^^^^^^^^^^^^^^^^^^
  File "/mnt/user/overnight-edge/services/prediction_pro.py", line 113, in check_probability_shifts
    if m["volume"] > 100000 and (prob < 30 or prob > 70):
       ^^^^^^^^^^^^^^^^^^^^
TypeError: '>' not supported between instances of 'str' and 'int'
Starting Prediction Pro scan at 2026-05-12 12:00
Traceback (most recent call last):
  File "/mnt/user/overnight-edge/services/prediction_pro.py", line 290, in <module>
    main()
  File "/mnt/user/overnight-edge/services/prediction_pro.py", line 252, in main
    shifts = check_probability_shifts()
             ^^^^^^^^^^^^^^^^^^^^^^^^^^
  File "/mnt/user/overnight-edge/services/prediction_pro.py", line 113, in check_probability_shifts
    if m["volume"] > 100000 and (prob < 30 or prob > 70):
       ^^^^^^^^^^^^^^^^^^^^
TypeError: '>' not supported between instances of 'str' and 'int'
Starting Prediction Pro scan at 2026-05-12 12:30
Traceback (most recent call last):
  File "/mnt/user/overnight-edge/services/prediction_pro.py", line 290, in <module>
    main()
  File "/mnt/user/overnight-edge/services/prediction_pro.py", line 252, in main
    shifts = check_probability_shifts()
             ^^^^^^^^^^^^^^^^^^^^^^^^^^
  File "/mnt/user/overnight-edge/services/prediction_pro.py", line 113, in check_probability_shifts
    if m["volume"] > 100000 and (prob < 30 or prob > 70):
       ^^^^^^^^^^^^^^^^^^^^
TypeError: '>' not supported between instances of 'str' and 'int'
Starting Prediction Pro scan at 2026-05-12 13:00
Traceback (most recent call last):
  File "/mnt/user/overnight-edge/services/prediction_pro.py", line 290, in <module>
    main()
  File "/mnt/user/overnight-edge/services/prediction_pro.py", line 252, in main
    shifts = check_probability_shifts()
             ^^^^^^^^^^^^^^^^^^^^^^^^^^
  File "/mnt/user/overnight-edge/services/prediction_pro.py", line 113, in check_probability_shifts
    if m["volume"] > 100000 and (prob < 30 or prob > 70):
       ^^^^^^^^^^^^^^^^^^^^
TypeError: '>' not supported between instances of 'str' and 'int'
Starting Prediction Pro scan at 2026-05-12 13:30
Traceback (most recent call last):
  File "/mnt/user/overnight-edge/services/prediction_pro.py", line 290, in <module>
    main()
  File "/mnt/user/overnight-edge/services/prediction_pro.py", line 252, in main
    shifts = check_probability_shifts()
             ^^^^^^^^^^^^^^^^^^^^^^^^^^
  File "/mnt/user/overnight-edge/services/prediction_pro.py", line 113, in check_probability_shifts
    if m["volume"] > 100000 and (prob < 30 or prob > 70):
       ^^^^^^^^^^^^^^^^^^^^
TypeError: '>' not supported between instances of 'str' and 'int'
Starting Prediction Pro scan at 2026-05-12 14:00
Traceback (most recent call last):
  File "/mnt/user/overnight-edge/services/prediction_pro.py", line 290, in <module>
    main()
  File "/mnt/user/overnight-edge/services/prediction_pro.py", line 252, in main
    shifts = check_probability_shifts()
             ^^^^^^^^^^^^^^^^^^^^^^^^^^
  File "/mnt/user/overnight-edge/services/prediction_pro.py", line 113, in check_probability_shifts
    if m["volume"] > 100000 and (prob < 30 or prob > 70):
       ^^^^^^^^^^^^^^^^^^^^
TypeError: '>' not supported between instances of 'str' and 'int'
Starting Prediction Pro scan at 2026-05-12 14:30
Traceback (most recent call last):
  File "/mnt/user/overnight-edge/services/prediction_pro.py", line 290, in <module>
    main()
  File "/mnt/user/overnight-edge/services/prediction_pro.py", line 252, in main
    shifts = check_probability_shifts()
             ^^^^^^^^^^^^^^^^^^^^^^^^^^
  File "/mnt/user/overnight-edge/services/prediction_pro.py", line 113, in check_probability_shifts
    if m["volume"] > 100000 and (prob < 30 or prob > 70):
       ^^^^^^^^^^^^^^^^^^^^
TypeError: '>' not supported between instances of 'str' and 'int'
Starting Prediction Pro scan at 2026-05-12 15:00
Starting Prediction Pro scan at 2026-05-12 15:00
Traceback (most recent call last):
  File "/mnt/user/overnight-edge/services/prediction_pro.py", line 290, in <module>
    main()
Traceback (most recent call last):
  File "/mnt/user/overnight-edge/services/prediction_pro.py", line 290, in <module>
  File "/mnt/user/overnight-edge/services/prediction_pro.py", line 252, in main
    shifts = check_probability_shifts()
             ^^^^^^^^^^^^^^^^^^^^^^^^^^
  File "/mnt/user/overnight-edge/services/prediction_pro.py", line 113, in check_probability_shifts
    main()
  File "/mnt/user/overnight-edge/services/prediction_pro.py", line 252, in main
    if m["volume"] > 100000 and (prob < 30 or prob > 70):
       ^^^^^^^^^^^^^^^^^^^^
TypeError: '>' not supported between instances of 'str' and 'int'
    shifts = check_probability_shifts()
             ^^^^^^^^^^^^^^^^^^^^^^^^^^
  File "/mnt/user/overnight-edge/services/prediction_pro.py", line 113, in check_probability_shifts
    if m["volume"] > 100000 and (prob < 30 or prob > 70):
       ^^^^^^^^^^^^^^^^^^^^
TypeError: '>' not supported between instances of 'str' and 'int'
Starting Prediction Pro scan at 2026-05-12 15:30
Traceback (most recent call last):
  File "/mnt/user/overnight-edge/services/prediction_pro.py", line 290, in <module>
    main()
  File "/mnt/user/overnight-edge/services/prediction_pro.py", line 252, in main
    shifts = check_probability_shifts()
             ^^^^^^^^^^^^^^^^^^^^^^^^^^
  File "/mnt/user/overnight-edge/services/prediction_pro.py", line 113, in check_probability_shifts
    if m["volume"] > 100000 and (prob < 30 or prob > 70):
       ^^^^^^^^^^^^^^^^^^^^
TypeError: '>' not supported between instances of 'str' and 'int'
Starting Prediction Pro scan at 2026-05-12 16:00
Traceback (most recent call last):
  File "/mnt/user/overnight-edge/services/prediction_pro.py", line 290, in <module>
    main()
  File "/mnt/user/overnight-edge/services/prediction_pro.py", line 252, in main
    shifts = check_probability_shifts()
             ^^^^^^^^^^^^^^^^^^^^^^^^^^
  File "/mnt/user/overnight-edge/services/prediction_pro.py", line 113, in check_probability_shifts
    if m["volume"] > 100000 and (prob < 30 or prob > 70):
       ^^^^^^^^^^^^^^^^^^^^
TypeError: '>' not supported between instances of 'str' and 'int'
Starting Prediction Pro scan at 2026-05-12 17:00
Traceback (most recent call last):
  File "/mnt/user/overnight-edge/services/prediction_pro.py", line 290, in <module>
    main()
  File "/mnt/user/overnight-edge/services/prediction_pro.py", line 252, in main
    shifts = check_probability_shifts()
             ^^^^^^^^^^^^^^^^^^^^^^^^^^
  File "/mnt/user/overnight-edge/services/prediction_pro.py", line 113, in check_probability_shifts
    if m["volume"] > 100000 and (prob < 30 or prob > 70):
       ^^^^^^^^^^^^^^^^^^^^
TypeError: '>' not supported between instances of 'str' and 'int'
