Starting XSignal Basic scan at 2026-05-11 06:00
Checking @CryptoCred...
Checking @IamNomad...
  No tweets from @IamNomad
Checking @LightCrypto...
Checking @IncomeSharks...
Checking @PeterLBrandt...
Checking @CryptoKaleo...
Checking @woonomic...
  Could not resolve @woonomic
Checking @RaoulGMI...
Checking @TheCryptoDog...
Checking @CryptoCapo_...
Checking @TraderMayne...
Checking @Trader_XO...
Checking @CryptoMichNL...
Checking @AltcoinPsycho...
Checking @MrMichaelNye...
  No tweets from @MrMichaelNye
Checking @CryptoWendyO...
Checking @Throne...
Checking @CryptoISO...
Checking @MooMsyndrome...
  Could not resolve @MooMsyndrome
Checking @FintechFraming...
  Could not resolve @FintechFraming
Scan complete. 0 alerts sent.
Starting XSignal Basic scan at 2026-05-11 06:30
Checking @CryptoCred...
Checking @IamNomad...
  No tweets from @IamNomad
Checking @LightCrypto...
Checking @IncomeSharks...
Checking @PeterLBrandt...
Checking @CryptoKaleo...
Checking @woonomic...
  Could not resolve @woonomic
Checking @RaoulGMI...
Checking @TheCryptoDog...
Checking @CryptoCapo_...
Checking @TraderMayne...
Checking @Trader_XO...
Checking @CryptoMichNL...
Checking @AltcoinPsycho...
Checking @MrMichaelNye...
  No tweets from @MrMichaelNye
Checking @CryptoWendyO...
Checking @Throne...
Checking @CryptoISO...
Checking @MooMsyndrome...
  Could not resolve @MooMsyndrome
Checking @FintechFraming...
  Could not resolve @FintechFraming
Scan complete. 0 alerts sent.
Starting XSignal Basic scan at 2026-05-11 07:00
Checking @CryptoCred...
Checking @IamNomad...
  No tweets from @IamNomad
Checking @LightCrypto...
Checking @IncomeSharks...
Checking @PeterLBrandt...
Checking @CryptoKaleo...
Checking @woonomic...
  Could not resolve @woonomic
Checking @RaoulGMI...
Checking @TheCryptoDog...
Checking @CryptoCapo_...
Checking @TraderMayne...
Checking @Trader_XO...
Checking @CryptoMichNL...
Checking @AltcoinPsycho...
Checking @MrMichaelNye...
  No tweets from @MrMichaelNye
Checking @CryptoWendyO...
Checking @Throne...
Checking @CryptoISO...
Checking @MooMsyndrome...
  Could not resolve @MooMsyndrome
Checking @FintechFraming...
  Could not resolve @FintechFraming
Scan complete. 0 alerts sent.
Starting XSignal Basic scan at 2026-05-11 07:30
Checking @CryptoCred...
Checking @IamNomad...
  No tweets from @IamNomad
Checking @LightCrypto...
Checking @IncomeSharks...
Checking @PeterLBrandt...
Checking @CryptoKaleo...
Checking @woonomic...
  Could not resolve @woonomic
Checking @RaoulGMI...
Checking @TheCryptoDog...
Checking @CryptoCapo_...
Checking @TraderMayne...
Checking @Trader_XO...
Checking @CryptoMichNL...
Checking @AltcoinPsycho...
Checking @MrMichaelNye...
  No tweets from @MrMichaelNye
Checking @CryptoWendyO...
Checking @Throne...
Checking @CryptoISO...
Checking @MooMsyndrome...
  Could not resolve @MooMsyndrome
Checking @FintechFraming...
  Could not resolve @FintechFraming
Scan complete. 0 alerts sent.
Starting XSignal Basic scan at 2026-05-11 08:00
Checking @CryptoCred...
Checking @IamNomad...
  No tweets from @IamNomad
Checking @LightCrypto...
Checking @IncomeSharks...
Checking @PeterLBrandt...
Checking @CryptoKaleo...
Checking @woonomic...
  Could not resolve @woonomic
Checking @RaoulGMI...
Checking @TheCryptoDog...
Checking @CryptoCapo_...
Checking @TraderMayne...
Checking @Trader_XO...
Checking @CryptoMichNL...
Checking @AltcoinPsycho...
Checking @MrMichaelNye...
  No tweets from @MrMichaelNye
Checking @CryptoWendyO...
Checking @Throne...
Checking @CryptoISO...
Checking @MooMsyndrome...
  Could not resolve @MooMsyndrome
Checking @FintechFraming...
  Could not resolve @FintechFraming
Scan complete. 0 alerts sent.
Starting XSignal Basic scan at 2026-05-11 08:30
Checking @CryptoCred...
Checking @IamNomad...
  No tweets from @IamNomad
Checking @LightCrypto...
Checking @IncomeSharks...
Checking @PeterLBrandt...
Checking @CryptoKaleo...
Checking @woonomic...
  Could not resolve @woonomic
Checking @RaoulGMI...
Checking @TheCryptoDog...
Checking @CryptoCapo_...
Checking @TraderMayne...
Checking @Trader_XO...
Checking @CryptoMichNL...
Checking @AltcoinPsycho...
Checking @MrMichaelNye...
  No tweets from @MrMichaelNye
Checking @CryptoWendyO...
Checking @Throne...
Checking @CryptoISO...
Checking @MooMsyndrome...
  Could not resolve @MooMsyndrome
Checking @FintechFraming...
  Could not resolve @FintechFraming
Scan complete. 0 alerts sent.
Starting XSignal Basic scan at 2026-05-11 09:00
Checking @CryptoCred...
Checking @IamNomad...
  No tweets from @IamNomad
Checking @LightCrypto...
Checking @IncomeSharks...
Checking @PeterLBrandt...
Checking @CryptoKaleo...
Checking @woonomic...
  Could not resolve @woonomic
Checking @RaoulGMI...
Checking @TheCryptoDog...
Checking @CryptoCapo_...
Checking @TraderMayne...
Checking @Trader_XO...
Checking @CryptoMichNL...
Checking @AltcoinPsycho...
Checking @MrMichaelNye...
  No tweets from @MrMichaelNye
Checking @CryptoWendyO...
Checking @Throne...
Checking @CryptoISO...
Checking @MooMsyndrome...
  Could not resolve @MooMsyndrome
Checking @FintechFraming...
  Could not resolve @FintechFraming
Scan complete. 0 alerts sent.
Starting XSignal Basic scan at 2026-05-11 09:30
Checking @CryptoCred...
Checking @IamNomad...
  No tweets from @IamNomad
Checking @LightCrypto...
Checking @IncomeSharks...
Checking @PeterLBrandt...
Checking @CryptoKaleo...
Checking @woonomic...
  Could not resolve @woonomic
Checking @RaoulGMI...
Checking @TheCryptoDog...
Checking @CryptoCapo_...
Checking @TraderMayne...
Checking @Trader_XO...
Checking @CryptoMichNL...
Checking @AltcoinPsycho...
Checking @MrMichaelNye...
  No tweets from @MrMichaelNye
Checking @CryptoWendyO...
Checking @Throne...
Checking @CryptoISO...
Checking @MooMsyndrome...
  Could not resolve @MooMsyndrome
Checking @FintechFraming...
  Could not resolve @FintechFraming
Scan complete. 0 alerts sent.
Starting XSignal Basic scan at 2026-05-11 10:00
Checking @CryptoCred...
Checking @IamNomad...
  No tweets from @IamNomad
Checking @LightCrypto...
Checking @IncomeSharks...
Checking @PeterLBrandt...
Checking @CryptoKaleo...
Checking @woonomic...
  Could not resolve @woonomic
Checking @RaoulGMI...
Checking @TheCryptoDog...
Checking @CryptoCapo_...
Checking @TraderMayne...
Checking @Trader_XO...
Checking @CryptoMichNL...
Checking @AltcoinPsycho...
Checking @MrMichaelNye...
  No tweets from @MrMichaelNye
Checking @CryptoWendyO...
Checking @Throne...
Checking @CryptoISO...
Checking @MooMsyndrome...
  Could not resolve @MooMsyndrome
Checking @FintechFraming...
  Could not resolve @FintechFraming
Scan complete. 0 alerts sent.
Starting XSignal Basic scan at 2026-05-11 10:30
Checking @CryptoCred...
Checking @IamNomad...
  No tweets from @IamNomad
Checking @LightCrypto...
Checking @IncomeSharks...
Checking @PeterLBrandt...
Checking @CryptoKaleo...
Checking @woonomic...
  Could not resolve @woonomic
Checking @RaoulGMI...
Checking @TheCryptoDog...
Checking @CryptoCapo_...
Checking @TraderMayne...
Checking @Trader_XO...
Checking @CryptoMichNL...
Checking @AltcoinPsycho...
Checking @MrMichaelNye...
  No tweets from @MrMichaelNye
Checking @CryptoWendyO...
Checking @Throne...
Checking @CryptoISO...
Checking @MooMsyndrome...
  Could not resolve @MooMsyndrome
Checking @FintechFraming...
  Could not resolve @FintechFraming
Scan complete. 0 alerts sent.
Starting XSignal Basic scan at 2026-05-11 11:00
Checking @CryptoCred...
Checking @IamNomad...
  No tweets from @IamNomad
Checking @LightCrypto...
Checking @IncomeSharks...
Checking @PeterLBrandt...
Checking @CryptoKaleo...
Checking @woonomic...
  Could not resolve @woonomic
Checking @RaoulGMI...
Checking @TheCryptoDog...
Checking @CryptoCapo_...
Checking @TraderMayne...
Checking @Trader_XO...
Checking @CryptoMichNL...
Checking @AltcoinPsycho...
Checking @MrMichaelNye...
  No tweets from @MrMichaelNye
Checking @CryptoWendyO...
Checking @Throne...
Checking @CryptoISO...
Checking @MooMsyndrome...
  Could not resolve @MooMsyndrome
Checking @FintechFraming...
  Could not resolve @FintechFraming
Scan complete. 0 alerts sent.
Starting XSignal Basic scan at 2026-05-11 11:30
Checking @CryptoCred...
Checking @IamNomad...
  No tweets from @IamNomad
Checking @LightCrypto...
Checking @IncomeSharks...
Checking @PeterLBrandt...
Checking @CryptoKaleo...
Checking @woonomic...
  Could not resolve @woonomic
Checking @RaoulGMI...
Checking @TheCryptoDog...
Checking @CryptoCapo_...
Checking @TraderMayne...
Checking @Trader_XO...
Checking @CryptoMichNL...
Checking @AltcoinPsycho...
Checking @MrMichaelNye...
  No tweets from @MrMichaelNye
Checking @CryptoWendyO...
Checking @Throne...
Checking @CryptoISO...
Checking @MooMsyndrome...
  Could not resolve @MooMsyndrome
Checking @FintechFraming...
  Could not resolve @FintechFraming
Scan complete. 0 alerts sent.
Starting XSignal Basic scan at 2026-05-11 12:00
Checking @CryptoCred...
Checking @IamNomad...
  No tweets from @IamNomad
Checking @LightCrypto...
Checking @IncomeSharks...
Checking @PeterLBrandt...
Checking @CryptoKaleo...
Checking @woonomic...
  Could not resolve @woonomic
Checking @RaoulGMI...
Checking @TheCryptoDog...
Checking @CryptoCapo_...
Checking @TraderMayne...
Checking @Trader_XO...
Checking @CryptoMichNL...
Checking @AltcoinPsycho...
Checking @MrMichaelNye...
  No tweets from @MrMichaelNye
Checking @CryptoWendyO...
Checking @Throne...
Checking @CryptoISO...
Checking @MooMsyndrome...
  Could not resolve @MooMsyndrome
Checking @FintechFraming...
  Could not resolve @FintechFraming
Scan complete. 0 alerts sent.
Starting XSignal Basic scan at 2026-05-11 12:30
Checking @CryptoCred...
Checking @IamNomad...
  No tweets from @IamNomad
Checking @LightCrypto...
Checking @IncomeSharks...
Checking @PeterLBrandt...
Checking @CryptoKaleo...
Checking @woonomic...
  Could not resolve @woonomic
Checking @RaoulGMI...
Checking @TheCryptoDog...
Checking @CryptoCapo_...
Checking @TraderMayne...
Checking @Trader_XO...
Checking @CryptoMichNL...
Checking @AltcoinPsycho...
Checking @MrMichaelNye...
  No tweets from @MrMichaelNye
Checking @CryptoWendyO...
Checking @Throne...
Checking @CryptoISO...
Checking @MooMsyndrome...
  Could not resolve @MooMsyndrome
Checking @FintechFraming...
  Could not resolve @FintechFraming
Scan complete. 0 alerts sent.
Starting XSignal Basic scan at 2026-05-12 06:00
Checking @CryptoCred...
Checking @IamNomad...
  No tweets from @IamNomad
Checking @LightCrypto...
Checking @IncomeSharks...
Checking @PeterLBrandt...
Checking @CryptoKaleo...
Checking @woonomic...
  Could not resolve @woonomic
Checking @RaoulGMI...
Checking @TheCryptoDog...
Checking @CryptoCapo_...
Checking @TraderMayne...
Checking @Trader_XO...
Checking @CryptoMichNL...
Checking @AltcoinPsycho...
Checking @MrMichaelNye...
  No tweets from @MrMichaelNye
Checking @CryptoWendyO...
Checking @Throne...
Checking @CryptoISO...
Checking @MooMsyndrome...
  Could not resolve @MooMsyndrome
Checking @FintechFraming...
  Could not resolve @FintechFraming
Scan complete. 0 alerts sent.
Starting XSignal Basic scan at 2026-05-12 06:30
Checking @CryptoCred...
Checking @IamNomad...
  No tweets from @IamNomad
Checking @LightCrypto...
Checking @IncomeSharks...
Checking @PeterLBrandt...
Checking @CryptoKaleo...
Checking @woonomic...
  Could not resolve @woonomic
Checking @RaoulGMI...
Checking @TheCryptoDog...
Checking @CryptoCapo_...
Checking @TraderMayne...
Checking @Trader_XO...
Checking @CryptoMichNL...
Checking @AltcoinPsycho...
Checking @MrMichaelNye...
  No tweets from @MrMichaelNye
Checking @CryptoWendyO...
Checking @Throne...
Checking @CryptoISO...
Checking @MooMsyndrome...
  Could not resolve @MooMsyndrome
Checking @FintechFraming...
  Could not resolve @FintechFraming
Scan complete. 0 alerts sent.
Starting XSignal Basic scan at 2026-05-12 07:00
Checking @CryptoCred...
Checking @IamNomad...
  No tweets from @IamNomad
Checking @LightCrypto...
Checking @IncomeSharks...
Checking @PeterLBrandt...
Checking @CryptoKaleo...
Checking @woonomic...
  Could not resolve @woonomic
Checking @RaoulGMI...
Checking @TheCryptoDog...
Checking @CryptoCapo_...
Checking @TraderMayne...
Checking @Trader_XO...
Checking @CryptoMichNL...
Checking @AltcoinPsycho...
Checking @MrMichaelNye...
  No tweets from @MrMichaelNye
Checking @CryptoWendyO...
Checking @Throne...
Checking @CryptoISO...
Checking @MooMsyndrome...
  Could not resolve @MooMsyndrome
Checking @FintechFraming...
  Could not resolve @FintechFraming
Scan complete. 0 alerts sent.
Starting XSignal Basic scan at 2026-05-12 07:30
Checking @CryptoCred...
Checking @IamNomad...
  No tweets from @IamNomad
Checking @LightCrypto...
Checking @IncomeSharks...
Checking @PeterLBrandt...
Checking @CryptoKaleo...
Checking @woonomic...
  Could not resolve @woonomic
Checking @RaoulGMI...
Checking @TheCryptoDog...
Checking @CryptoCapo_...
Checking @TraderMayne...
Checking @Trader_XO...
Checking @CryptoMichNL...
Checking @AltcoinPsycho...
Checking @MrMichaelNye...
  No tweets from @MrMichaelNye
Checking @CryptoWendyO...
Checking @Throne...
Checking @CryptoISO...
Checking @MooMsyndrome...
  Could not resolve @MooMsyndrome
Checking @FintechFraming...
  Could not resolve @FintechFraming
Scan complete. 0 alerts sent.
Starting XSignal Basic scan at 2026-05-12 08:00
Checking @CryptoCred...
Checking @IamNomad...
  No tweets from @IamNomad
Checking @LightCrypto...
Checking @IncomeSharks...
Checking @PeterLBrandt...
Checking @CryptoKaleo...
Checking @woonomic...
  Could not resolve @woonomic
Checking @RaoulGMI...
Checking @TheCryptoDog...
Checking @CryptoCapo_...
Checking @TraderMayne...
Checking @Trader_XO...
Checking @CryptoMichNL...
Checking @AltcoinPsycho...
Checking @MrMichaelNye...
  No tweets from @MrMichaelNye
Checking @CryptoWendyO...
Checking @Throne...
Checking @CryptoISO...
Checking @MooMsyndrome...
  Could not resolve @MooMsyndrome
Checking @FintechFraming...
  Could not resolve @FintechFraming
Scan complete. 0 alerts sent.
Starting XSignal Basic scan at 2026-05-12 08:30
Checking @CryptoCred...
Checking @IamNomad...
  No tweets from @IamNomad
Checking @LightCrypto...
Checking @IncomeSharks...
Checking @PeterLBrandt...
Checking @CryptoKaleo...
Checking @woonomic...
  Could not resolve @woonomic
Checking @RaoulGMI...
Checking @TheCryptoDog...
Checking @CryptoCapo_...
Checking @TraderMayne...
Checking @Trader_XO...
Checking @CryptoMichNL...
Checking @AltcoinPsycho...
Checking @MrMichaelNye...
  No tweets from @MrMichaelNye
Checking @CryptoWendyO...
Checking @Throne...
Checking @CryptoISO...
Checking @MooMsyndrome...
  Could not resolve @MooMsyndrome
Checking @FintechFraming...
  Could not resolve @FintechFraming
Scan complete. 0 alerts sent.
Starting XSignal Basic scan at 2026-05-12 09:00
Checking @CryptoCred...
Checking @IamNomad...
  No tweets from @IamNomad
Checking @LightCrypto...
Checking @IncomeSharks...
Checking @PeterLBrandt...
Checking @CryptoKaleo...
Checking @woonomic...
  Could not resolve @woonomic
Checking @RaoulGMI...
Checking @TheCryptoDog...
Checking @CryptoCapo_...
Checking @TraderMayne...
Checking @Trader_XO...
Checking @CryptoMichNL...
Checking @AltcoinPsycho...
Checking @MrMichaelNye...
  No tweets from @MrMichaelNye
Checking @CryptoWendyO...
Checking @Throne...
Checking @CryptoISO...
Checking @MooMsyndrome...
  Could not resolve @MooMsyndrome
Checking @FintechFraming...
  Could not resolve @FintechFraming
Scan complete. 0 alerts sent.
Starting XSignal Basic scan at 2026-05-12 09:30
Checking @CryptoCred...
Checking @IamNomad...
  No tweets from @IamNomad
Checking @LightCrypto...
Checking @IncomeSharks...
Checking @PeterLBrandt...
Checking @CryptoKaleo...
Checking @woonomic...
  Could not resolve @woonomic
Checking @RaoulGMI...
Checking @TheCryptoDog...
Checking @CryptoCapo_...
Checking @TraderMayne...
Checking @Trader_XO...
Checking @CryptoMichNL...
Checking @AltcoinPsycho...
Checking @MrMichaelNye...
  No tweets from @MrMichaelNye
Checking @CryptoWendyO...
Checking @Throne...
Checking @CryptoISO...
Checking @MooMsyndrome...
  Could not resolve @MooMsyndrome
Checking @FintechFraming...
  Could not resolve @FintechFraming
Scan complete. 0 alerts sent.
Starting XSignal Basic scan at 2026-05-12 10:00
Checking @CryptoCred...
Checking @IamNomad...
  No tweets from @IamNomad
Checking @LightCrypto...
Checking @IncomeSharks...
Checking @PeterLBrandt...
Checking @CryptoKaleo...
Checking @woonomic...
  Could not resolve @woonomic
Checking @RaoulGMI...
Checking @TheCryptoDog...
Checking @CryptoCapo_...
Checking @TraderMayne...
Checking @Trader_XO...
Checking @CryptoMichNL...
Checking @AltcoinPsycho...
Checking @MrMichaelNye...
  No tweets from @MrMichaelNye
Checking @CryptoWendyO...
Checking @Throne...
Checking @CryptoISO...
Checking @MooMsyndrome...
  Could not resolve @MooMsyndrome
Checking @FintechFraming...
  Could not resolve @FintechFraming
Scan complete. 0 alerts sent.
Starting XSignal Basic scan at 2026-05-12 10:30
Checking @CryptoCred...
Checking @IamNomad...
  No tweets from @IamNomad
Checking @LightCrypto...
Checking @IncomeSharks...
Checking @PeterLBrandt...
Checking @CryptoKaleo...
Checking @woonomic...
  Could not resolve @woonomic
Checking @RaoulGMI...
Checking @TheCryptoDog...
Checking @CryptoCapo_...
Checking @TraderMayne...
Checking @Trader_XO...
Checking @CryptoMichNL...
Checking @AltcoinPsycho...
Checking @MrMichaelNye...
  No tweets from @MrMichaelNye
Checking @CryptoWendyO...
Checking @Throne...
Checking @CryptoISO...
Checking @MooMsyndrome...
  Could not resolve @MooMsyndrome
Checking @FintechFraming...
  Could not resolve @FintechFraming
Scan complete. 0 alerts sent.
Starting XSignal Basic scan at 2026-05-12 11:00
Checking @CryptoCred...
Checking @IamNomad...
  No tweets from @IamNomad
Checking @LightCrypto...
Checking @IncomeSharks...
Checking @PeterLBrandt...
Checking @CryptoKaleo...
Checking @woonomic...
  Could not resolve @woonomic
Checking @RaoulGMI...
Checking @TheCryptoDog...
Checking @CryptoCapo_...
Checking @TraderMayne...
Checking @Trader_XO...
Checking @CryptoMichNL...
Checking @AltcoinPsycho...
Checking @MrMichaelNye...
  No tweets from @MrMichaelNye
Checking @CryptoWendyO...
Checking @Throne...
Checking @CryptoISO...
Checking @MooMsyndrome...
  Could not resolve @MooMsyndrome
Checking @FintechFraming...
  Could not resolve @FintechFraming
Scan complete. 0 alerts sent.
Starting XSignal Basic scan at 2026-05-12 11:30
Checking @CryptoCred...
Checking @IamNomad...
  No tweets from @IamNomad
Checking @LightCrypto...
Checking @IncomeSharks...
Checking @PeterLBrandt...
Checking @CryptoKaleo...
Checking @woonomic...
  Could not resolve @woonomic
Checking @RaoulGMI...
Checking @TheCryptoDog...
Checking @CryptoCapo_...
Checking @TraderMayne...
Checking @Trader_XO...
Checking @CryptoMichNL...
Checking @AltcoinPsycho...
Checking @MrMichaelNye...
  No tweets from @MrMichaelNye
Checking @CryptoWendyO...
Checking @Throne...
Checking @CryptoISO...
Checking @MooMsyndrome...
  Could not resolve @MooMsyndrome
Checking @FintechFraming...
  Could not resolve @FintechFraming
Scan complete. 0 alerts sent.
Starting XSignal Basic scan at 2026-05-12 12:00
Checking @CryptoCred...
Checking @IamNomad...
  No tweets from @IamNomad
Checking @LightCrypto...
Checking @IncomeSharks...
Checking @PeterLBrandt...
Checking @CryptoKaleo...
Checking @woonomic...
  Could not resolve @woonomic
Checking @RaoulGMI...
Checking @TheCryptoDog...
Checking @CryptoCapo_...
Checking @TraderMayne...
Checking @Trader_XO...
Checking @CryptoMichNL...
Checking @AltcoinPsycho...
Checking @MrMichaelNye...
  No tweets from @MrMichaelNye
Checking @CryptoWendyO...
Checking @Throne...
Checking @CryptoISO...
Checking @MooMsyndrome...
  Could not resolve @MooMsyndrome
Checking @FintechFraming...
  Could not resolve @FintechFraming
Scan complete. 0 alerts sent.
Starting XSignal Basic scan at 2026-05-12 12:30
Checking @CryptoCred...
Checking @IamNomad...
  No tweets from @IamNomad
Checking @LightCrypto...
Checking @IncomeSharks...
Checking @PeterLBrandt...
Checking @CryptoKaleo...
Checking @woonomic...
  Could not resolve @woonomic
Checking @RaoulGMI...
Checking @TheCryptoDog...
Checking @CryptoCapo_...
Checking @TraderMayne...
Checking @Trader_XO...
Checking @CryptoMichNL...
Checking @AltcoinPsycho...
Checking @MrMichaelNye...
  No tweets from @MrMichaelNye
Checking @CryptoWendyO...
Checking @Throne...
Checking @CryptoISO...
Checking @MooMsyndrome...
  Could not resolve @MooMsyndrome
Checking @FintechFraming...
  Could not resolve @FintechFraming
Scan complete. 0 alerts sent.
