Starting X20 Pro scan at 2026-05-11 06:00
Checking @CryptoCred...
Twitter API error: HTTP Error 401: Unauthorized
Checking @IamNomad...
Twitter API error: HTTP Error 401: Unauthorized
Checking @LightCrypto...
Twitter API error: HTTP Error 401: Unauthorized
Checking @IncomeSharks...
Twitter API error: HTTP Error 401: Unauthorized
Checking @PeterLBrandt...
Twitter API error: HTTP Error 401: Unauthorized
Checking @CryptoKaleo...
Twitter API error: HTTP Error 401: Unauthorized
Checking @woonomic...
Twitter API error: HTTP Error 401: Unauthorized
Checking @RaoulGMI...
Twitter API error: HTTP Error 401: Unauthorized
Checking @TheCryptoDog...
Twitter API error: HTTP Error 401: Unauthorized
Checking @CryptoCapo_...
Twitter API error: HTTP Error 401: Unauthorized
Checking @TraderMayne...
Twitter API error: HTTP Error 401: Unauthorized
Checking @Trader_XO...
Twitter API error: HTTP Error 401: Unauthorized
Checking @CryptoMichNL...
Twitter API error: HTTP Error 401: Unauthorized
Checking @AltcoinPsycho...
Twitter API error: HTTP Error 401: Unauthorized
Checking @MrMichaelNye...
Twitter API error: HTTP Error 401: Unauthorized
Checking @CryptoWendyO...
Twitter API error: HTTP Error 401: Unauthorized
Checking @Throne...
Twitter API error: HTTP Error 401: Unauthorized
Checking @CryptoISO...
Twitter API error: HTTP Error 401: Unauthorized
Checking @MooMsyndrome...
Twitter API error: HTTP Error 401: Unauthorized
Checking @FintechFraming...
Twitter API error: HTTP Error 401: Unauthorized
Twitter API error: HTTP Error 401: Unauthorized
X20 scan complete. 0 alerts sent.
Starting X20 Pro scan at 2026-05-11 06:15
Checking @CryptoCred...
Twitter API error: HTTP Error 401: Unauthorized
Checking @IamNomad...
Twitter API error: HTTP Error 401: Unauthorized
Checking @LightCrypto...
Twitter API error: HTTP Error 401: Unauthorized
Checking @IncomeSharks...
Twitter API error: HTTP Error 401: Unauthorized
Checking @PeterLBrandt...
Twitter API error: HTTP Error 401: Unauthorized
Checking @CryptoKaleo...
Twitter API error: HTTP Error 401: Unauthorized
Checking @woonomic...
Twitter API error: HTTP Error 401: Unauthorized
Checking @RaoulGMI...
Twitter API error: HTTP Error 401: Unauthorized
Checking @TheCryptoDog...
Twitter API error: HTTP Error 401: Unauthorized
Checking @CryptoCapo_...
Twitter API error: HTTP Error 401: Unauthorized
Checking @TraderMayne...
Twitter API error: HTTP Error 401: Unauthorized
Checking @Trader_XO...
Twitter API error: HTTP Error 401: Unauthorized
Checking @CryptoMichNL...
Twitter API error: HTTP Error 401: Unauthorized
Checking @AltcoinPsycho...
Twitter API error: HTTP Error 401: Unauthorized
Checking @MrMichaelNye...
Twitter API error: HTTP Error 401: Unauthorized
Checking @CryptoWendyO...
Twitter API error: HTTP Error 401: Unauthorized
Checking @Throne...
Twitter API error: HTTP Error 401: Unauthorized
Checking @CryptoISO...
Twitter API error: HTTP Error 401: Unauthorized
Checking @MooMsyndrome...
Twitter API error: HTTP Error 401: Unauthorized
Checking @FintechFraming...
Twitter API error: HTTP Error 401: Unauthorized
Twitter API error: HTTP Error 401: Unauthorized
X20 scan complete. 0 alerts sent.
Starting X20 Pro scan at 2026-05-11 06:30
Checking @CryptoCred...
Twitter API error: HTTP Error 401: Unauthorized
Checking @IamNomad...
Twitter API error: HTTP Error 401: Unauthorized
Checking @LightCrypto...
Twitter API error: HTTP Error 401: Unauthorized
Checking @IncomeSharks...
Twitter API error: HTTP Error 401: Unauthorized
Checking @PeterLBrandt...
Twitter API error: HTTP Error 401: Unauthorized
Checking @CryptoKaleo...
Twitter API error: HTTP Error 401: Unauthorized
Checking @woonomic...
Twitter API error: HTTP Error 401: Unauthorized
Checking @RaoulGMI...
Twitter API error: HTTP Error 401: Unauthorized
Checking @TheCryptoDog...
Twitter API error: HTTP Error 401: Unauthorized
Checking @CryptoCapo_...
Twitter API error: HTTP Error 401: Unauthorized
Checking @TraderMayne...
Twitter API error: HTTP Error 401: Unauthorized
Checking @Trader_XO...
Twitter API error: HTTP Error 401: Unauthorized
Checking @CryptoMichNL...
Twitter API error: HTTP Error 401: Unauthorized
Checking @AltcoinPsycho...
Twitter API error: HTTP Error 401: Unauthorized
Checking @MrMichaelNye...
Twitter API error: HTTP Error 401: Unauthorized
Checking @CryptoWendyO...
Twitter API error: HTTP Error 401: Unauthorized
Checking @Throne...
Twitter API error: HTTP Error 401: Unauthorized
Checking @CryptoISO...
Twitter API error: HTTP Error 401: Unauthorized
Checking @MooMsyndrome...
Twitter API error: HTTP Error 401: Unauthorized
Checking @FintechFraming...
Twitter API error: HTTP Error 401: Unauthorized
Twitter API error: HTTP Error 401: Unauthorized
X20 scan complete. 0 alerts sent.
Starting X20 Pro scan at 2026-05-11 06:45
Checking @CryptoCred...
Twitter API error: HTTP Error 401: Unauthorized
Checking @IamNomad...
Twitter API error: HTTP Error 401: Unauthorized
Checking @LightCrypto...
Twitter API error: HTTP Error 401: Unauthorized
Checking @IncomeSharks...
Twitter API error: HTTP Error 401: Unauthorized
Checking @PeterLBrandt...
Twitter API error: HTTP Error 401: Unauthorized
Checking @CryptoKaleo...
Twitter API error: HTTP Error 401: Unauthorized
Checking @woonomic...
Twitter API error: HTTP Error 401: Unauthorized
Checking @RaoulGMI...
Twitter API error: HTTP Error 401: Unauthorized
Checking @TheCryptoDog...
Twitter API error: HTTP Error 401: Unauthorized
Checking @CryptoCapo_...
Twitter API error: HTTP Error 401: Unauthorized
Checking @TraderMayne...
Twitter API error: HTTP Error 401: Unauthorized
Checking @Trader_XO...
Twitter API error: HTTP Error 401: Unauthorized
Checking @CryptoMichNL...
Twitter API error: HTTP Error 401: Unauthorized
Checking @AltcoinPsycho...
Twitter API error: HTTP Error 401: Unauthorized
Checking @MrMichaelNye...
Twitter API error: HTTP Error 401: Unauthorized
Checking @CryptoWendyO...
Twitter API error: HTTP Error 401: Unauthorized
Checking @Throne...
Twitter API error: HTTP Error 401: Unauthorized
Checking @CryptoISO...
Twitter API error: HTTP Error 401: Unauthorized
Checking @MooMsyndrome...
Twitter API error: HTTP Error 401: Unauthorized
Checking @FintechFraming...
Twitter API error: HTTP Error 401: Unauthorized
Twitter API error: HTTP Error 401: Unauthorized
X20 scan complete. 0 alerts sent.
Starting X20 Pro scan at 2026-05-11 07:00
Checking @CryptoCred...
Twitter API error: HTTP Error 401: Unauthorized
Checking @IamNomad...
Twitter API error: HTTP Error 401: Unauthorized
Checking @LightCrypto...
Twitter API error: HTTP Error 401: Unauthorized
Checking @IncomeSharks...
Twitter API error: HTTP Error 401: Unauthorized
Checking @PeterLBrandt...
Twitter API error: HTTP Error 401: Unauthorized
Checking @CryptoKaleo...
Twitter API error: HTTP Error 401: Unauthorized
Checking @woonomic...
Twitter API error: HTTP Error 401: Unauthorized
Checking @RaoulGMI...
Twitter API error: HTTP Error 401: Unauthorized
Checking @TheCryptoDog...
Twitter API error: HTTP Error 401: Unauthorized
Checking @CryptoCapo_...
Twitter API error: HTTP Error 401: Unauthorized
Checking @TraderMayne...
Twitter API error: HTTP Error 401: Unauthorized
Checking @Trader_XO...
Twitter API error: HTTP Error 401: Unauthorized
Checking @CryptoMichNL...
Twitter API error: HTTP Error 401: Unauthorized
Checking @AltcoinPsycho...
Twitter API error: HTTP Error 401: Unauthorized
Checking @MrMichaelNye...
Twitter API error: HTTP Error 401: Unauthorized
Checking @CryptoWendyO...
Twitter API error: HTTP Error 401: Unauthorized
Checking @Throne...
Twitter API error: HTTP Error 401: Unauthorized
Checking @CryptoISO...
Twitter API error: HTTP Error 401: Unauthorized
Checking @MooMsyndrome...
Twitter API error: HTTP Error 401: Unauthorized
Checking @FintechFraming...
Twitter API error: HTTP Error 401: Unauthorized
Twitter API error: HTTP Error 401: Unauthorized
X20 scan complete. 0 alerts sent.
Starting X20 Pro scan at 2026-05-11 07:15
Checking @CryptoCred...
Twitter API error: HTTP Error 401: Unauthorized
Checking @IamNomad...
Twitter API error: HTTP Error 401: Unauthorized
Checking @LightCrypto...
Twitter API error: HTTP Error 401: Unauthorized
Checking @IncomeSharks...
Twitter API error: HTTP Error 401: Unauthorized
Checking @PeterLBrandt...
Twitter API error: HTTP Error 401: Unauthorized
Checking @CryptoKaleo...
Twitter API error: HTTP Error 401: Unauthorized
Checking @woonomic...
Twitter API error: HTTP Error 401: Unauthorized
Checking @RaoulGMI...
Twitter API error: HTTP Error 401: Unauthorized
Checking @TheCryptoDog...
Twitter API error: HTTP Error 401: Unauthorized
Checking @CryptoCapo_...
Twitter API error: HTTP Error 401: Unauthorized
Checking @TraderMayne...
Twitter API error: HTTP Error 401: Unauthorized
Checking @Trader_XO...
Twitter API error: HTTP Error 401: Unauthorized
Checking @CryptoMichNL...
Twitter API error: HTTP Error 401: Unauthorized
Checking @AltcoinPsycho...
Twitter API error: HTTP Error 401: Unauthorized
Checking @MrMichaelNye...
Twitter API error: HTTP Error 401: Unauthorized
Checking @CryptoWendyO...
Twitter API error: HTTP Error 401: Unauthorized
Checking @Throne...
Twitter API error: HTTP Error 401: Unauthorized
Checking @CryptoISO...
Twitter API error: HTTP Error 401: Unauthorized
Checking @MooMsyndrome...
Twitter API error: HTTP Error 401: Unauthorized
Checking @FintechFraming...
Twitter API error: HTTP Error 401: Unauthorized
Twitter API error: HTTP Error 401: Unauthorized
X20 scan complete. 0 alerts sent.
Starting X20 Pro scan at 2026-05-11 07:30
Checking @CryptoCred...
Twitter API error: HTTP Error 401: Unauthorized
Checking @IamNomad...
Twitter API error: HTTP Error 401: Unauthorized
Checking @LightCrypto...
Twitter API error: HTTP Error 401: Unauthorized
Checking @IncomeSharks...
Twitter API error: HTTP Error 401: Unauthorized
Checking @PeterLBrandt...
Twitter API error: HTTP Error 401: Unauthorized
Checking @CryptoKaleo...
Twitter API error: HTTP Error 401: Unauthorized
Checking @woonomic...
Twitter API error: HTTP Error 401: Unauthorized
Checking @RaoulGMI...
Twitter API error: HTTP Error 401: Unauthorized
Checking @TheCryptoDog...
Twitter API error: HTTP Error 401: Unauthorized
Checking @CryptoCapo_...
Twitter API error: HTTP Error 401: Unauthorized
Checking @TraderMayne...
Twitter API error: HTTP Error 401: Unauthorized
Checking @Trader_XO...
Twitter API error: HTTP Error 401: Unauthorized
Checking @CryptoMichNL...
Twitter API error: HTTP Error 401: Unauthorized
Checking @AltcoinPsycho...
Twitter API error: HTTP Error 401: Unauthorized
Checking @MrMichaelNye...
Twitter API error: HTTP Error 401: Unauthorized
Checking @CryptoWendyO...
Twitter API error: HTTP Error 401: Unauthorized
Checking @Throne...
Twitter API error: HTTP Error 401: Unauthorized
Checking @CryptoISO...
Twitter API error: HTTP Error 401: Unauthorized
Checking @MooMsyndrome...
Twitter API error: HTTP Error 401: Unauthorized
Checking @FintechFraming...
Twitter API error: HTTP Error 401: Unauthorized
Twitter API error: HTTP Error 401: Unauthorized
X20 scan complete. 0 alerts sent.
Starting X20 Pro scan at 2026-05-11 07:45
Checking @CryptoCred...
Twitter API error: HTTP Error 401: Unauthorized
Checking @IamNomad...
Twitter API error: HTTP Error 401: Unauthorized
Checking @LightCrypto...
Twitter API error: HTTP Error 401: Unauthorized
Checking @IncomeSharks...
Twitter API error: HTTP Error 401: Unauthorized
Checking @PeterLBrandt...
Twitter API error: HTTP Error 401: Unauthorized
Checking @CryptoKaleo...
Twitter API error: HTTP Error 401: Unauthorized
Checking @woonomic...
Twitter API error: HTTP Error 401: Unauthorized
Checking @RaoulGMI...
Twitter API error: HTTP Error 401: Unauthorized
Checking @TheCryptoDog...
Twitter API error: HTTP Error 401: Unauthorized
Checking @CryptoCapo_...
Twitter API error: HTTP Error 401: Unauthorized
Checking @TraderMayne...
Twitter API error: HTTP Error 401: Unauthorized
Checking @Trader_XO...
Twitter API error: HTTP Error 401: Unauthorized
Checking @CryptoMichNL...
Twitter API error: HTTP Error 401: Unauthorized
Checking @AltcoinPsycho...
Twitter API error: HTTP Error 401: Unauthorized
Checking @MrMichaelNye...
Twitter API error: HTTP Error 401: Unauthorized
Checking @CryptoWendyO...
Twitter API error: HTTP Error 401: Unauthorized
Checking @Throne...
Twitter API error: HTTP Error 401: Unauthorized
Checking @CryptoISO...
Twitter API error: HTTP Error 401: Unauthorized
Checking @MooMsyndrome...
Twitter API error: HTTP Error 401: Unauthorized
Checking @FintechFraming...
Twitter API error: HTTP Error 401: Unauthorized
Twitter API error: HTTP Error 401: Unauthorized
X20 scan complete. 0 alerts sent.
Starting X20 Pro scan at 2026-05-11 08:00
Checking @CryptoCred...
Twitter API error: HTTP Error 401: Unauthorized
Checking @IamNomad...
Twitter API error: HTTP Error 401: Unauthorized
Checking @LightCrypto...
Twitter API error: HTTP Error 401: Unauthorized
Checking @IncomeSharks...
Twitter API error: HTTP Error 401: Unauthorized
Checking @PeterLBrandt...
Twitter API error: HTTP Error 401: Unauthorized
Checking @CryptoKaleo...
Twitter API error: HTTP Error 401: Unauthorized
Checking @woonomic...
Twitter API error: HTTP Error 401: Unauthorized
Checking @RaoulGMI...
Twitter API error: HTTP Error 401: Unauthorized
Checking @TheCryptoDog...
Twitter API error: HTTP Error 401: Unauthorized
Checking @CryptoCapo_...
Twitter API error: HTTP Error 401: Unauthorized
Checking @TraderMayne...
Twitter API error: HTTP Error 401: Unauthorized
Checking @Trader_XO...
Twitter API error: HTTP Error 401: Unauthorized
Checking @CryptoMichNL...
Twitter API error: HTTP Error 401: Unauthorized
Checking @AltcoinPsycho...
Twitter API error: HTTP Error 401: Unauthorized
Checking @MrMichaelNye...
Twitter API error: HTTP Error 401: Unauthorized
Checking @CryptoWendyO...
Twitter API error: HTTP Error 401: Unauthorized
Checking @Throne...
Twitter API error: HTTP Error 401: Unauthorized
Checking @CryptoISO...
Twitter API error: HTTP Error 401: Unauthorized
Checking @MooMsyndrome...
Twitter API error: HTTP Error 401: Unauthorized
Checking @FintechFraming...
Twitter API error: HTTP Error 401: Unauthorized
Twitter API error: HTTP Error 401: Unauthorized
X20 scan complete. 0 alerts sent.
Starting X20 Pro scan at 2026-05-11 08:15
Checking @CryptoCred...
Twitter API error: HTTP Error 401: Unauthorized
Checking @IamNomad...
Twitter API error: HTTP Error 401: Unauthorized
Checking @LightCrypto...
Twitter API error: HTTP Error 401: Unauthorized
Checking @IncomeSharks...
Twitter API error: HTTP Error 401: Unauthorized
Checking @PeterLBrandt...
Twitter API error: HTTP Error 401: Unauthorized
Checking @CryptoKaleo...
Twitter API error: HTTP Error 401: Unauthorized
Checking @woonomic...
Twitter API error: HTTP Error 401: Unauthorized
Checking @RaoulGMI...
Twitter API error: HTTP Error 401: Unauthorized
Checking @TheCryptoDog...
Twitter API error: HTTP Error 401: Unauthorized
Checking @CryptoCapo_...
Twitter API error: HTTP Error 401: Unauthorized
Checking @TraderMayne...
Twitter API error: HTTP Error 401: Unauthorized
Checking @Trader_XO...
Twitter API error: HTTP Error 401: Unauthorized
Checking @CryptoMichNL...
Twitter API error: HTTP Error 401: Unauthorized
Checking @AltcoinPsycho...
Twitter API error: HTTP Error 401: Unauthorized
Checking @MrMichaelNye...
Twitter API error: HTTP Error 401: Unauthorized
Checking @CryptoWendyO...
Twitter API error: HTTP Error 401: Unauthorized
Checking @Throne...
Twitter API error: HTTP Error 401: Unauthorized
Checking @CryptoISO...
Twitter API error: HTTP Error 401: Unauthorized
Checking @MooMsyndrome...
Twitter API error: HTTP Error 401: Unauthorized
Checking @FintechFraming...
Twitter API error: HTTP Error 401: Unauthorized
Twitter API error: HTTP Error 401: Unauthorized
X20 scan complete. 0 alerts sent.
Starting X20 Pro scan at 2026-05-11 08:30
Checking @CryptoCred...
Twitter API error: HTTP Error 401: Unauthorized
Checking @IamNomad...
Twitter API error: HTTP Error 401: Unauthorized
Checking @LightCrypto...
Twitter API error: HTTP Error 401: Unauthorized
Checking @IncomeSharks...
Twitter API error: HTTP Error 401: Unauthorized
Checking @PeterLBrandt...
Twitter API error: HTTP Error 401: Unauthorized
Checking @CryptoKaleo...
Twitter API error: HTTP Error 401: Unauthorized
Checking @woonomic...
Twitter API error: HTTP Error 401: Unauthorized
Checking @RaoulGMI...
Twitter API error: HTTP Error 401: Unauthorized
Checking @TheCryptoDog...
Twitter API error: HTTP Error 401: Unauthorized
Checking @CryptoCapo_...
Twitter API error: HTTP Error 401: Unauthorized
Checking @TraderMayne...
Twitter API error: HTTP Error 401: Unauthorized
Checking @Trader_XO...
Twitter API error: HTTP Error 401: Unauthorized
Checking @CryptoMichNL...
Twitter API error: HTTP Error 401: Unauthorized
Checking @AltcoinPsycho...
Twitter API error: HTTP Error 401: Unauthorized
Checking @MrMichaelNye...
Twitter API error: HTTP Error 401: Unauthorized
Checking @CryptoWendyO...
Twitter API error: HTTP Error 401: Unauthorized
Checking @Throne...
Twitter API error: HTTP Error 401: Unauthorized
Checking @CryptoISO...
Twitter API error: HTTP Error 401: Unauthorized
Checking @MooMsyndrome...
Twitter API error: HTTP Error 401: Unauthorized
Checking @FintechFraming...
Twitter API error: HTTP Error 401: Unauthorized
Twitter API error: HTTP Error 401: Unauthorized
X20 scan complete. 0 alerts sent.
Starting X20 Pro scan at 2026-05-11 08:45
Checking @CryptoCred...
Twitter API error: HTTP Error 401: Unauthorized
Checking @IamNomad...
Twitter API error: HTTP Error 401: Unauthorized
Checking @LightCrypto...
Twitter API error: HTTP Error 401: Unauthorized
Checking @IncomeSharks...
Twitter API error: HTTP Error 401: Unauthorized
Checking @PeterLBrandt...
Twitter API error: HTTP Error 401: Unauthorized
Checking @CryptoKaleo...
Twitter API error: HTTP Error 401: Unauthorized
Checking @woonomic...
Twitter API error: HTTP Error 401: Unauthorized
Checking @RaoulGMI...
Twitter API error: HTTP Error 401: Unauthorized
Checking @TheCryptoDog...
Twitter API error: HTTP Error 401: Unauthorized
Checking @CryptoCapo_...
Twitter API error: HTTP Error 401: Unauthorized
Checking @TraderMayne...
Twitter API error: HTTP Error 401: Unauthorized
Checking @Trader_XO...
Twitter API error: HTTP Error 401: Unauthorized
Checking @CryptoMichNL...
Twitter API error: HTTP Error 401: Unauthorized
Checking @AltcoinPsycho...
Twitter API error: HTTP Error 401: Unauthorized
Checking @MrMichaelNye...
Twitter API error: HTTP Error 401: Unauthorized
Checking @CryptoWendyO...
Twitter API error: HTTP Error 401: Unauthorized
Checking @Throne...
Twitter API error: HTTP Error 401: Unauthorized
Checking @CryptoISO...
Twitter API error: HTTP Error 401: Unauthorized
Checking @MooMsyndrome...
Twitter API error: HTTP Error 401: Unauthorized
Checking @FintechFraming...
Twitter API error: HTTP Error 401: Unauthorized
Twitter API error: HTTP Error 401: Unauthorized
X20 scan complete. 0 alerts sent.
Starting X20 Pro scan at 2026-05-11 09:00
Checking @CryptoCred...
Twitter API error: HTTP Error 401: Unauthorized
Checking @IamNomad...
Twitter API error: HTTP Error 401: Unauthorized
Checking @LightCrypto...
Twitter API error: HTTP Error 401: Unauthorized
Checking @IncomeSharks...
Twitter API error: HTTP Error 401: Unauthorized
Checking @PeterLBrandt...
Twitter API error: HTTP Error 401: Unauthorized
Checking @CryptoKaleo...
Twitter API error: HTTP Error 401: Unauthorized
Checking @woonomic...
Twitter API error: HTTP Error 401: Unauthorized
Checking @RaoulGMI...
Twitter API error: HTTP Error 401: Unauthorized
Checking @TheCryptoDog...
Twitter API error: HTTP Error 401: Unauthorized
Checking @CryptoCapo_...
Twitter API error: HTTP Error 401: Unauthorized
Checking @TraderMayne...
Twitter API error: HTTP Error 401: Unauthorized
Checking @Trader_XO...
Twitter API error: HTTP Error 401: Unauthorized
Checking @CryptoMichNL...
Twitter API error: HTTP Error 401: Unauthorized
Checking @AltcoinPsycho...
Twitter API error: HTTP Error 401: Unauthorized
Checking @MrMichaelNye...
Twitter API error: HTTP Error 401: Unauthorized
Checking @CryptoWendyO...
Twitter API error: HTTP Error 401: Unauthorized
Checking @Throne...
Twitter API error: HTTP Error 401: Unauthorized
Checking @CryptoISO...
Twitter API error: HTTP Error 401: Unauthorized
Checking @MooMsyndrome...
Twitter API error: HTTP Error 401: Unauthorized
Checking @FintechFraming...
Twitter API error: HTTP Error 401: Unauthorized
Twitter API error: HTTP Error 401: Unauthorized
X20 scan complete. 0 alerts sent.
Starting X20 Pro scan at 2026-05-11 09:15
Checking @CryptoCred...
Twitter API error: HTTP Error 401: Unauthorized
Checking @IamNomad...
Twitter API error: HTTP Error 401: Unauthorized
Checking @LightCrypto...
Twitter API error: HTTP Error 401: Unauthorized
Checking @IncomeSharks...
Twitter API error: HTTP Error 401: Unauthorized
Checking @PeterLBrandt...
Twitter API error: HTTP Error 401: Unauthorized
Checking @CryptoKaleo...
Twitter API error: HTTP Error 401: Unauthorized
Checking @woonomic...
Twitter API error: HTTP Error 401: Unauthorized
Checking @RaoulGMI...
Twitter API error: HTTP Error 401: Unauthorized
Checking @TheCryptoDog...
Twitter API error: HTTP Error 401: Unauthorized
Checking @CryptoCapo_...
Twitter API error: HTTP Error 401: Unauthorized
Checking @TraderMayne...
Twitter API error: HTTP Error 401: Unauthorized
Checking @Trader_XO...
Twitter API error: HTTP Error 401: Unauthorized
Checking @CryptoMichNL...
Twitter API error: HTTP Error 401: Unauthorized
Checking @AltcoinPsycho...
Twitter API error: HTTP Error 401: Unauthorized
Checking @MrMichaelNye...
Twitter API error: HTTP Error 401: Unauthorized
Checking @CryptoWendyO...
Twitter API error: HTTP Error 401: Unauthorized
Checking @Throne...
Twitter API error: HTTP Error 401: Unauthorized
Checking @CryptoISO...
Twitter API error: HTTP Error 401: Unauthorized
Checking @MooMsyndrome...
Twitter API error: HTTP Error 401: Unauthorized
Checking @FintechFraming...
Twitter API error: HTTP Error 401: Unauthorized
Twitter API error: HTTP Error 401: Unauthorized
X20 scan complete. 0 alerts sent.
Starting X20 Pro scan at 2026-05-11 09:30
Checking @CryptoCred...
Twitter API error: HTTP Error 401: Unauthorized
Checking @IamNomad...
Twitter API error: HTTP Error 401: Unauthorized
Checking @LightCrypto...
Twitter API error: HTTP Error 401: Unauthorized
Checking @IncomeSharks...
Twitter API error: HTTP Error 401: Unauthorized
Checking @PeterLBrandt...
Twitter API error: HTTP Error 401: Unauthorized
Checking @CryptoKaleo...
Twitter API error: HTTP Error 401: Unauthorized
Checking @woonomic...
Twitter API error: HTTP Error 401: Unauthorized
Checking @RaoulGMI...
Twitter API error: HTTP Error 401: Unauthorized
Checking @TheCryptoDog...
Twitter API error: HTTP Error 401: Unauthorized
Checking @CryptoCapo_...
Twitter API error: HTTP Error 401: Unauthorized
Checking @TraderMayne...
Twitter API error: HTTP Error 401: Unauthorized
Checking @Trader_XO...
Twitter API error: HTTP Error 401: Unauthorized
Checking @CryptoMichNL...
Twitter API error: HTTP Error 401: Unauthorized
Checking @AltcoinPsycho...
Twitter API error: HTTP Error 401: Unauthorized
Checking @MrMichaelNye...
Twitter API error: HTTP Error 401: Unauthorized
Checking @CryptoWendyO...
Twitter API error: HTTP Error 401: Unauthorized
Checking @Throne...
Twitter API error: HTTP Error 401: Unauthorized
Checking @CryptoISO...
Twitter API error: HTTP Error 401: Unauthorized
Checking @MooMsyndrome...
Twitter API error: HTTP Error 401: Unauthorized
Checking @FintechFraming...
Twitter API error: HTTP Error 401: Unauthorized
Twitter API error: HTTP Error 401: Unauthorized
X20 scan complete. 0 alerts sent.
Starting X20 Pro scan at 2026-05-11 09:45
Checking @CryptoCred...
Twitter API error: HTTP Error 401: Unauthorized
Checking @IamNomad...
Twitter API error: HTTP Error 401: Unauthorized
Checking @LightCrypto...
Twitter API error: HTTP Error 401: Unauthorized
Checking @IncomeSharks...
Twitter API error: HTTP Error 401: Unauthorized
Checking @PeterLBrandt...
Twitter API error: HTTP Error 401: Unauthorized
Checking @CryptoKaleo...
Twitter API error: HTTP Error 401: Unauthorized
Checking @woonomic...
Twitter API error: HTTP Error 401: Unauthorized
Checking @RaoulGMI...
Twitter API error: HTTP Error 401: Unauthorized
Checking @TheCryptoDog...
Twitter API error: HTTP Error 401: Unauthorized
Checking @CryptoCapo_...
Twitter API error: HTTP Error 401: Unauthorized
Checking @TraderMayne...
Twitter API error: HTTP Error 401: Unauthorized
Checking @Trader_XO...
Twitter API error: HTTP Error 401: Unauthorized
Checking @CryptoMichNL...
Twitter API error: HTTP Error 401: Unauthorized
Checking @AltcoinPsycho...
Twitter API error: HTTP Error 401: Unauthorized
Checking @MrMichaelNye...
Twitter API error: HTTP Error 401: Unauthorized
Checking @CryptoWendyO...
Twitter API error: HTTP Error 401: Unauthorized
Checking @Throne...
Twitter API error: HTTP Error 401: Unauthorized
Checking @CryptoISO...
Twitter API error: HTTP Error 401: Unauthorized
Checking @MooMsyndrome...
Twitter API error: HTTP Error 401: Unauthorized
Checking @FintechFraming...
Twitter API error: HTTP Error 401: Unauthorized
Twitter API error: HTTP Error 401: Unauthorized
X20 scan complete. 0 alerts sent.
Starting X20 Pro scan at 2026-05-11 10:00
Checking @CryptoCred...
Twitter API error: HTTP Error 401: Unauthorized
Checking @IamNomad...
Twitter API error: HTTP Error 401: Unauthorized
Checking @LightCrypto...
Twitter API error: HTTP Error 401: Unauthorized
Checking @IncomeSharks...
Twitter API error: HTTP Error 401: Unauthorized
Checking @PeterLBrandt...
Twitter API error: HTTP Error 401: Unauthorized
Checking @CryptoKaleo...
Twitter API error: HTTP Error 401: Unauthorized
Checking @woonomic...
Twitter API error: HTTP Error 401: Unauthorized
Checking @RaoulGMI...
Twitter API error: HTTP Error 401: Unauthorized
Checking @TheCryptoDog...
Twitter API error: HTTP Error 401: Unauthorized
Checking @CryptoCapo_...
Twitter API error: HTTP Error 401: Unauthorized
Checking @TraderMayne...
Twitter API error: HTTP Error 401: Unauthorized
Checking @Trader_XO...
Twitter API error: HTTP Error 401: Unauthorized
Checking @CryptoMichNL...
Twitter API error: HTTP Error 401: Unauthorized
Checking @AltcoinPsycho...
Twitter API error: HTTP Error 401: Unauthorized
Checking @MrMichaelNye...
Twitter API error: HTTP Error 401: Unauthorized
Checking @CryptoWendyO...
Twitter API error: HTTP Error 401: Unauthorized
Checking @Throne...
Twitter API error: HTTP Error 401: Unauthorized
Checking @CryptoISO...
Twitter API error: HTTP Error 401: Unauthorized
Checking @MooMsyndrome...
Twitter API error: HTTP Error 401: Unauthorized
Checking @FintechFraming...
Twitter API error: HTTP Error 401: Unauthorized
Twitter API error: HTTP Error 401: Unauthorized
X20 scan complete. 0 alerts sent.
Starting X20 Pro scan at 2026-05-11 10:15
Checking @CryptoCred...
Twitter API error: HTTP Error 401: Unauthorized
Checking @IamNomad...
Twitter API error: HTTP Error 401: Unauthorized
Checking @LightCrypto...
Twitter API error: HTTP Error 401: Unauthorized
Checking @IncomeSharks...
Twitter API error: HTTP Error 401: Unauthorized
Checking @PeterLBrandt...
Twitter API error: HTTP Error 401: Unauthorized
Checking @CryptoKaleo...
Twitter API error: HTTP Error 401: Unauthorized
Checking @woonomic...
Twitter API error: HTTP Error 401: Unauthorized
Checking @RaoulGMI...
Twitter API error: HTTP Error 401: Unauthorized
Checking @TheCryptoDog...
Twitter API error: HTTP Error 401: Unauthorized
Checking @CryptoCapo_...
Twitter API error: HTTP Error 401: Unauthorized
Checking @TraderMayne...
Twitter API error: HTTP Error 401: Unauthorized
Checking @Trader_XO...
Twitter API error: HTTP Error 401: Unauthorized
Checking @CryptoMichNL...
Twitter API error: HTTP Error 401: Unauthorized
Checking @AltcoinPsycho...
Twitter API error: HTTP Error 401: Unauthorized
Checking @MrMichaelNye...
Twitter API error: HTTP Error 401: Unauthorized
Checking @CryptoWendyO...
Twitter API error: HTTP Error 401: Unauthorized
Checking @Throne...
Twitter API error: HTTP Error 401: Unauthorized
Checking @CryptoISO...
Twitter API error: HTTP Error 401: Unauthorized
Checking @MooMsyndrome...
Twitter API error: HTTP Error 401: Unauthorized
Checking @FintechFraming...
Twitter API error: HTTP Error 401: Unauthorized
Twitter API error: HTTP Error 401: Unauthorized
X20 scan complete. 0 alerts sent.
Starting X20 Pro scan at 2026-05-11 10:30
Checking @CryptoCred...
Twitter API error: HTTP Error 401: Unauthorized
Checking @IamNomad...
Twitter API error: HTTP Error 401: Unauthorized
Checking @LightCrypto...
Twitter API error: HTTP Error 401: Unauthorized
Checking @IncomeSharks...
Twitter API error: HTTP Error 401: Unauthorized
Checking @PeterLBrandt...
Twitter API error: HTTP Error 401: Unauthorized
Checking @CryptoKaleo...
Twitter API error: HTTP Error 401: Unauthorized
Checking @woonomic...
Twitter API error: HTTP Error 401: Unauthorized
Checking @RaoulGMI...
Twitter API error: HTTP Error 401: Unauthorized
Checking @TheCryptoDog...
Twitter API error: HTTP Error 401: Unauthorized
Checking @CryptoCapo_...
Twitter API error: HTTP Error 401: Unauthorized
Checking @TraderMayne...
Twitter API error: HTTP Error 401: Unauthorized
Checking @Trader_XO...
Twitter API error: HTTP Error 401: Unauthorized
Checking @CryptoMichNL...
Twitter API error: HTTP Error 401: Unauthorized
Checking @AltcoinPsycho...
Twitter API error: HTTP Error 401: Unauthorized
Checking @MrMichaelNye...
Twitter API error: HTTP Error 401: Unauthorized
Checking @CryptoWendyO...
Twitter API error: HTTP Error 401: Unauthorized
Checking @Throne...
Twitter API error: HTTP Error 401: Unauthorized
Checking @CryptoISO...
Twitter API error: HTTP Error 401: Unauthorized
Checking @MooMsyndrome...
Twitter API error: HTTP Error 401: Unauthorized
Checking @FintechFraming...
Twitter API error: HTTP Error 401: Unauthorized
Twitter API error: HTTP Error 401: Unauthorized
X20 scan complete. 0 alerts sent.
Starting X20 Pro scan at 2026-05-11 10:45
Checking @CryptoCred...
Twitter API error: HTTP Error 401: Unauthorized
Checking @IamNomad...
Twitter API error: HTTP Error 401: Unauthorized
Checking @LightCrypto...
Twitter API error: HTTP Error 401: Unauthorized
Checking @IncomeSharks...
Twitter API error: HTTP Error 401: Unauthorized
Checking @PeterLBrandt...
Twitter API error: HTTP Error 401: Unauthorized
Checking @CryptoKaleo...
Twitter API error: HTTP Error 401: Unauthorized
Checking @woonomic...
Twitter API error: HTTP Error 401: Unauthorized
Checking @RaoulGMI...
Twitter API error: HTTP Error 401: Unauthorized
Checking @TheCryptoDog...
Twitter API error: HTTP Error 401: Unauthorized
Checking @CryptoCapo_...
Twitter API error: HTTP Error 401: Unauthorized
Checking @TraderMayne...
Twitter API error: HTTP Error 401: Unauthorized
Checking @Trader_XO...
Twitter API error: HTTP Error 401: Unauthorized
Checking @CryptoMichNL...
Twitter API error: HTTP Error 401: Unauthorized
Checking @AltcoinPsycho...
Twitter API error: HTTP Error 401: Unauthorized
Checking @MrMichaelNye...
Twitter API error: HTTP Error 401: Unauthorized
Checking @CryptoWendyO...
Twitter API error: HTTP Error 401: Unauthorized
Checking @Throne...
Twitter API error: HTTP Error 401: Unauthorized
Checking @CryptoISO...
Twitter API error: HTTP Error 401: Unauthorized
Checking @MooMsyndrome...
Twitter API error: HTTP Error 401: Unauthorized
Checking @FintechFraming...
Twitter API error: HTTP Error 401: Unauthorized
Twitter API error: HTTP Error 401: Unauthorized
X20 scan complete. 0 alerts sent.
Starting X20 Pro scan at 2026-05-11 11:00
Checking @CryptoCred...
Twitter API error: HTTP Error 401: Unauthorized
Checking @IamNomad...
Twitter API error: HTTP Error 401: Unauthorized
Checking @LightCrypto...
Twitter API error: HTTP Error 401: Unauthorized
Checking @IncomeSharks...
Twitter API error: HTTP Error 401: Unauthorized
Checking @PeterLBrandt...
Twitter API error: HTTP Error 401: Unauthorized
Checking @CryptoKaleo...
Twitter API error: HTTP Error 401: Unauthorized
Checking @woonomic...
Twitter API error: HTTP Error 401: Unauthorized
Checking @RaoulGMI...
Twitter API error: HTTP Error 401: Unauthorized
Checking @TheCryptoDog...
Twitter API error: HTTP Error 401: Unauthorized
Checking @CryptoCapo_...
Twitter API error: HTTP Error 401: Unauthorized
Checking @TraderMayne...
Twitter API error: HTTP Error 401: Unauthorized
Checking @Trader_XO...
Twitter API error: HTTP Error 401: Unauthorized
Checking @CryptoMichNL...
Twitter API error: HTTP Error 401: Unauthorized
Checking @AltcoinPsycho...
Twitter API error: HTTP Error 401: Unauthorized
Checking @MrMichaelNye...
Twitter API error: HTTP Error 401: Unauthorized
Checking @CryptoWendyO...
Twitter API error: HTTP Error 401: Unauthorized
Checking @Throne...
Twitter API error: HTTP Error 401: Unauthorized
Checking @CryptoISO...
Twitter API error: HTTP Error 401: Unauthorized
Checking @MooMsyndrome...
Twitter API error: HTTP Error 401: Unauthorized
Checking @FintechFraming...
Twitter API error: HTTP Error 401: Unauthorized
Twitter API error: HTTP Error 401: Unauthorized
X20 scan complete. 0 alerts sent.
Starting X20 Pro scan at 2026-05-11 11:15
Checking @CryptoCred...
Twitter API error: HTTP Error 401: Unauthorized
Checking @IamNomad...
Twitter API error: HTTP Error 401: Unauthorized
Checking @LightCrypto...
Twitter API error: HTTP Error 401: Unauthorized
Checking @IncomeSharks...
Twitter API error: HTTP Error 401: Unauthorized
Checking @PeterLBrandt...
Twitter API error: HTTP Error 401: Unauthorized
Checking @CryptoKaleo...
Twitter API error: HTTP Error 401: Unauthorized
Checking @woonomic...
Twitter API error: HTTP Error 401: Unauthorized
Checking @RaoulGMI...
Twitter API error: HTTP Error 401: Unauthorized
Checking @TheCryptoDog...
Twitter API error: HTTP Error 401: Unauthorized
Checking @CryptoCapo_...
Twitter API error: HTTP Error 401: Unauthorized
Checking @TraderMayne...
Twitter API error: HTTP Error 401: Unauthorized
Checking @Trader_XO...
Twitter API error: HTTP Error 401: Unauthorized
Checking @CryptoMichNL...
Twitter API error: HTTP Error 401: Unauthorized
Checking @AltcoinPsycho...
Twitter API error: HTTP Error 401: Unauthorized
Checking @MrMichaelNye...
Twitter API error: HTTP Error 401: Unauthorized
Checking @CryptoWendyO...
Twitter API error: HTTP Error 401: Unauthorized
Checking @Throne...
Twitter API error: HTTP Error 401: Unauthorized
Checking @CryptoISO...
Twitter API error: HTTP Error 401: Unauthorized
Checking @MooMsyndrome...
Twitter API error: HTTP Error 401: Unauthorized
Checking @FintechFraming...
Twitter API error: HTTP Error 401: Unauthorized
Twitter API error: HTTP Error 401: Unauthorized
X20 scan complete. 0 alerts sent.
Starting X20 Pro scan at 2026-05-11 11:30
Checking @CryptoCred...
Twitter API error: HTTP Error 401: Unauthorized
Checking @IamNomad...
Twitter API error: HTTP Error 401: Unauthorized
Checking @LightCrypto...
Twitter API error: HTTP Error 401: Unauthorized
Checking @IncomeSharks...
Twitter API error: HTTP Error 401: Unauthorized
Checking @PeterLBrandt...
Twitter API error: HTTP Error 401: Unauthorized
Checking @CryptoKaleo...
Twitter API error: HTTP Error 401: Unauthorized
Checking @woonomic...
Twitter API error: HTTP Error 401: Unauthorized
Checking @RaoulGMI...
Twitter API error: HTTP Error 401: Unauthorized
Checking @TheCryptoDog...
Twitter API error: HTTP Error 401: Unauthorized
Checking @CryptoCapo_...
Twitter API error: HTTP Error 401: Unauthorized
Checking @TraderMayne...
Twitter API error: HTTP Error 401: Unauthorized
Checking @Trader_XO...
Twitter API error: HTTP Error 401: Unauthorized
Checking @CryptoMichNL...
Twitter API error: HTTP Error 401: Unauthorized
Checking @AltcoinPsycho...
Twitter API error: HTTP Error 401: Unauthorized
Checking @MrMichaelNye...
Twitter API error: HTTP Error 401: Unauthorized
Checking @CryptoWendyO...
Twitter API error: HTTP Error 401: Unauthorized
Checking @Throne...
Twitter API error: HTTP Error 401: Unauthorized
Checking @CryptoISO...
Twitter API error: HTTP Error 401: Unauthorized
Checking @MooMsyndrome...
Twitter API error: HTTP Error 401: Unauthorized
Checking @FintechFraming...
Twitter API error: HTTP Error 401: Unauthorized
Twitter API error: HTTP Error 401: Unauthorized
X20 scan complete. 0 alerts sent.
Starting X20 Pro scan at 2026-05-11 11:45
Checking @CryptoCred...
Twitter API error: HTTP Error 401: Unauthorized
Checking @IamNomad...
Twitter API error: HTTP Error 401: Unauthorized
Checking @LightCrypto...
Twitter API error: HTTP Error 401: Unauthorized
Checking @IncomeSharks...
Twitter API error: HTTP Error 401: Unauthorized
Checking @PeterLBrandt...
Twitter API error: HTTP Error 401: Unauthorized
Checking @CryptoKaleo...
Twitter API error: HTTP Error 401: Unauthorized
Checking @woonomic...
Twitter API error: HTTP Error 401: Unauthorized
Checking @RaoulGMI...
Twitter API error: HTTP Error 401: Unauthorized
Checking @TheCryptoDog...
Twitter API error: HTTP Error 401: Unauthorized
Checking @CryptoCapo_...
Twitter API error: HTTP Error 401: Unauthorized
Checking @TraderMayne...
Twitter API error: HTTP Error 401: Unauthorized
Checking @Trader_XO...
Twitter API error: HTTP Error 401: Unauthorized
Checking @CryptoMichNL...
Twitter API error: HTTP Error 401: Unauthorized
Checking @AltcoinPsycho...
Twitter API error: HTTP Error 401: Unauthorized
Checking @MrMichaelNye...
Twitter API error: HTTP Error 401: Unauthorized
Checking @CryptoWendyO...
Twitter API error: HTTP Error 401: Unauthorized
Checking @Throne...
Twitter API error: HTTP Error 401: Unauthorized
Checking @CryptoISO...
Twitter API error: HTTP Error 401: Unauthorized
Checking @MooMsyndrome...
Twitter API error: HTTP Error 401: Unauthorized
Checking @FintechFraming...
Twitter API error: HTTP Error 401: Unauthorized
Twitter API error: HTTP Error 401: Unauthorized
X20 scan complete. 0 alerts sent.
Starting X20 Pro scan at 2026-05-11 12:00
Checking @CryptoCred...
Twitter API error: HTTP Error 401: Unauthorized
Checking @IamNomad...
Twitter API error: HTTP Error 401: Unauthorized
Checking @LightCrypto...
Twitter API error: HTTP Error 401: Unauthorized
Checking @IncomeSharks...
Twitter API error: HTTP Error 401: Unauthorized
Checking @PeterLBrandt...
Twitter API error: HTTP Error 401: Unauthorized
Checking @CryptoKaleo...
Twitter API error: HTTP Error 401: Unauthorized
Checking @woonomic...
Twitter API error: HTTP Error 401: Unauthorized
Checking @RaoulGMI...
Twitter API error: HTTP Error 401: Unauthorized
Checking @TheCryptoDog...
Twitter API error: HTTP Error 401: Unauthorized
Checking @CryptoCapo_...
Twitter API error: HTTP Error 401: Unauthorized
Checking @TraderMayne...
Twitter API error: HTTP Error 401: Unauthorized
Checking @Trader_XO...
Twitter API error: HTTP Error 401: Unauthorized
Checking @CryptoMichNL...
Twitter API error: HTTP Error 401: Unauthorized
Checking @AltcoinPsycho...
Twitter API error: HTTP Error 401: Unauthorized
Checking @MrMichaelNye...
Twitter API error: HTTP Error 401: Unauthorized
Checking @CryptoWendyO...
Twitter API error: HTTP Error 401: Unauthorized
Checking @Throne...
Twitter API error: HTTP Error 401: Unauthorized
Checking @CryptoISO...
Twitter API error: HTTP Error 401: Unauthorized
Checking @MooMsyndrome...
Twitter API error: HTTP Error 401: Unauthorized
Checking @FintechFraming...
Twitter API error: HTTP Error 401: Unauthorized
Twitter API error: HTTP Error 401: Unauthorized
X20 scan complete. 0 alerts sent.
Starting X20 Pro scan at 2026-05-11 12:15
Checking @CryptoCred...
Twitter API error: HTTP Error 401: Unauthorized
Checking @IamNomad...
Twitter API error: HTTP Error 401: Unauthorized
Checking @LightCrypto...
Twitter API error: HTTP Error 401: Unauthorized
Checking @IncomeSharks...
Twitter API error: HTTP Error 401: Unauthorized
Checking @PeterLBrandt...
Twitter API error: HTTP Error 401: Unauthorized
Checking @CryptoKaleo...
Twitter API error: HTTP Error 401: Unauthorized
Checking @woonomic...
Twitter API error: HTTP Error 401: Unauthorized
Checking @RaoulGMI...
Twitter API error: HTTP Error 401: Unauthorized
Checking @TheCryptoDog...
Twitter API error: HTTP Error 401: Unauthorized
Checking @CryptoCapo_...
Twitter API error: HTTP Error 401: Unauthorized
Checking @TraderMayne...
Twitter API error: HTTP Error 401: Unauthorized
Checking @Trader_XO...
Twitter API error: HTTP Error 401: Unauthorized
Checking @CryptoMichNL...
Twitter API error: HTTP Error 401: Unauthorized
Checking @AltcoinPsycho...
Twitter API error: HTTP Error 401: Unauthorized
Checking @MrMichaelNye...
Twitter API error: HTTP Error 401: Unauthorized
Checking @CryptoWendyO...
Twitter API error: HTTP Error 401: Unauthorized
Checking @Throne...
Twitter API error: HTTP Error 401: Unauthorized
Checking @CryptoISO...
Twitter API error: HTTP Error 401: Unauthorized
Checking @MooMsyndrome...
Twitter API error: HTTP Error 401: Unauthorized
Checking @FintechFraming...
Twitter API error: HTTP Error 401: Unauthorized
Twitter API error: HTTP Error 401: Unauthorized
X20 scan complete. 0 alerts sent.
Starting X20 Pro scan at 2026-05-11 12:30
Checking @CryptoCred...
Twitter API error: HTTP Error 401: Unauthorized
Checking @IamNomad...
Twitter API error: HTTP Error 401: Unauthorized
Checking @LightCrypto...
Twitter API error: HTTP Error 401: Unauthorized
Checking @IncomeSharks...
Twitter API error: HTTP Error 401: Unauthorized
Checking @PeterLBrandt...
Twitter API error: HTTP Error 401: Unauthorized
Checking @CryptoKaleo...
Twitter API error: HTTP Error 401: Unauthorized
Checking @woonomic...
Twitter API error: HTTP Error 401: Unauthorized
Checking @RaoulGMI...
Twitter API error: HTTP Error 401: Unauthorized
Checking @TheCryptoDog...
Twitter API error: HTTP Error 401: Unauthorized
Checking @CryptoCapo_...
Twitter API error: HTTP Error 401: Unauthorized
Checking @TraderMayne...
Twitter API error: HTTP Error 401: Unauthorized
Checking @Trader_XO...
Twitter API error: HTTP Error 401: Unauthorized
Checking @CryptoMichNL...
Twitter API error: HTTP Error 401: Unauthorized
Checking @AltcoinPsycho...
Twitter API error: HTTP Error 401: Unauthorized
Checking @MrMichaelNye...
Twitter API error: HTTP Error 401: Unauthorized
Checking @CryptoWendyO...
Twitter API error: HTTP Error 401: Unauthorized
Checking @Throne...
Twitter API error: HTTP Error 401: Unauthorized
Checking @CryptoISO...
Twitter API error: HTTP Error 401: Unauthorized
Checking @MooMsyndrome...
Twitter API error: HTTP Error 401: Unauthorized
Checking @FintechFraming...
Twitter API error: HTTP Error 401: Unauthorized
Twitter API error: HTTP Error 401: Unauthorized
X20 scan complete. 0 alerts sent.
Starting X20 Pro scan at 2026-05-11 12:45
Checking @CryptoCred...
Twitter API error: HTTP Error 401: Unauthorized
Checking @IamNomad...
Twitter API error: HTTP Error 401: Unauthorized
Checking @LightCrypto...
Twitter API error: HTTP Error 401: Unauthorized
Checking @IncomeSharks...
Twitter API error: HTTP Error 401: Unauthorized
Checking @PeterLBrandt...
Twitter API error: HTTP Error 401: Unauthorized
Checking @CryptoKaleo...
Twitter API error: HTTP Error 401: Unauthorized
Checking @woonomic...
Twitter API error: HTTP Error 401: Unauthorized
Checking @RaoulGMI...
Twitter API error: HTTP Error 401: Unauthorized
Checking @TheCryptoDog...
Twitter API error: HTTP Error 401: Unauthorized
Checking @CryptoCapo_...
Twitter API error: HTTP Error 401: Unauthorized
Checking @TraderMayne...
Twitter API error: HTTP Error 401: Unauthorized
Checking @Trader_XO...
Twitter API error: HTTP Error 401: Unauthorized
Checking @CryptoMichNL...
Twitter API error: HTTP Error 401: Unauthorized
Checking @AltcoinPsycho...
Twitter API error: HTTP Error 401: Unauthorized
Checking @MrMichaelNye...
Twitter API error: HTTP Error 401: Unauthorized
Checking @CryptoWendyO...
Twitter API error: HTTP Error 401: Unauthorized
Checking @Throne...
Twitter API error: HTTP Error 401: Unauthorized
Checking @CryptoISO...
Twitter API error: HTTP Error 401: Unauthorized
Checking @MooMsyndrome...
Twitter API error: HTTP Error 401: Unauthorized
Checking @FintechFraming...
Twitter API error: HTTP Error 401: Unauthorized
Twitter API error: HTTP Error 401: Unauthorized
X20 scan complete. 0 alerts sent.
Starting X20 Pro scan at 2026-05-11 13:30
Checking @CryptoCred...
Twitter API error: HTTP Error 401: Unauthorized
Checking @IamNomad...
Twitter API error: HTTP Error 401: Unauthorized
Checking @LightCrypto...
Twitter API error: HTTP Error 401: Unauthorized
Checking @IncomeSharks...
Twitter API error: HTTP Error 401: Unauthorized
Checking @PeterLBrandt...
Twitter API error: HTTP Error 401: Unauthorized
Checking @CryptoKaleo...
Twitter API error: HTTP Error 401: Unauthorized
Checking @woonomic...
Twitter API error: HTTP Error 401: Unauthorized
Checking @RaoulGMI...
Twitter API error: HTTP Error 401: Unauthorized
Checking @TheCryptoDog...
Twitter API error: HTTP Error 401: Unauthorized
Checking @CryptoCapo_...
Twitter API error: HTTP Error 401: Unauthorized
Checking @TraderMayne...
Twitter API error: HTTP Error 401: Unauthorized
Checking @Trader_XO...
Twitter API error: HTTP Error 401: Unauthorized
Checking @CryptoMichNL...
Twitter API error: HTTP Error 401: Unauthorized
Checking @AltcoinPsycho...
Twitter API error: HTTP Error 401: Unauthorized
Checking @MrMichaelNye...
Twitter API error: HTTP Error 401: Unauthorized
Checking @CryptoWendyO...
Twitter API error: HTTP Error 401: Unauthorized
Checking @Throne...
Twitter API error: HTTP Error 401: Unauthorized
Checking @CryptoISO...
Twitter API error: HTTP Error 401: Unauthorized
Checking @MooMsyndrome...
Twitter API error: HTTP Error 401: Unauthorized
Checking @FintechFraming...
Twitter API error: HTTP Error 401: Unauthorized
Twitter API error: HTTP Error 401: Unauthorized
X20 scan complete. 0 alerts sent.
Starting X20 Pro scan at 2026-05-12 06:00
Checking @CryptoCred...
Twitter API error: HTTP Error 401: Unauthorized
Checking @IamNomad...
Twitter API error: HTTP Error 401: Unauthorized
Checking @LightCrypto...
Twitter API error: HTTP Error 401: Unauthorized
Checking @IncomeSharks...
Twitter API error: HTTP Error 401: Unauthorized
Checking @PeterLBrandt...
Twitter API error: HTTP Error 401: Unauthorized
Checking @CryptoKaleo...
Twitter API error: HTTP Error 401: Unauthorized
Checking @woonomic...
Twitter API error: HTTP Error 401: Unauthorized
Checking @RaoulGMI...
Twitter API error: HTTP Error 401: Unauthorized
Checking @TheCryptoDog...
Twitter API error: HTTP Error 401: Unauthorized
Checking @CryptoCapo_...
Twitter API error: HTTP Error 401: Unauthorized
Checking @TraderMayne...
Twitter API error: HTTP Error 401: Unauthorized
Checking @Trader_XO...
Twitter API error: HTTP Error 401: Unauthorized
Checking @CryptoMichNL...
Twitter API error: HTTP Error 401: Unauthorized
Checking @AltcoinPsycho...
Twitter API error: HTTP Error 401: Unauthorized
Checking @MrMichaelNye...
Twitter API error: HTTP Error 401: Unauthorized
Checking @CryptoWendyO...
Twitter API error: HTTP Error 401: Unauthorized
Checking @Throne...
Twitter API error: HTTP Error 401: Unauthorized
Checking @CryptoISO...
Twitter API error: HTTP Error 401: Unauthorized
Checking @MooMsyndrome...
Twitter API error: HTTP Error 401: Unauthorized
Checking @FintechFraming...
Twitter API error: HTTP Error 401: Unauthorized
Twitter API error: HTTP Error 401: Unauthorized
X20 scan complete. 0 alerts sent.
Starting X20 Pro scan at 2026-05-12 06:15
Checking @CryptoCred...
Twitter API error: HTTP Error 401: Unauthorized
Checking @IamNomad...
Twitter API error: HTTP Error 401: Unauthorized
Checking @LightCrypto...
Twitter API error: HTTP Error 401: Unauthorized
Checking @IncomeSharks...
Twitter API error: HTTP Error 401: Unauthorized
Checking @PeterLBrandt...
Twitter API error: HTTP Error 401: Unauthorized
Checking @CryptoKaleo...
Twitter API error: HTTP Error 401: Unauthorized
Checking @woonomic...
Twitter API error: HTTP Error 401: Unauthorized
Checking @RaoulGMI...
Twitter API error: HTTP Error 401: Unauthorized
Checking @TheCryptoDog...
Twitter API error: HTTP Error 401: Unauthorized
Checking @CryptoCapo_...
Twitter API error: HTTP Error 401: Unauthorized
Checking @TraderMayne...
Twitter API error: HTTP Error 401: Unauthorized
Checking @Trader_XO...
Twitter API error: HTTP Error 401: Unauthorized
Checking @CryptoMichNL...
Twitter API error: HTTP Error 401: Unauthorized
Checking @AltcoinPsycho...
Twitter API error: HTTP Error 401: Unauthorized
Checking @MrMichaelNye...
Twitter API error: HTTP Error 401: Unauthorized
Checking @CryptoWendyO...
Twitter API error: HTTP Error 401: Unauthorized
Checking @Throne...
Twitter API error: HTTP Error 401: Unauthorized
Checking @CryptoISO...
Twitter API error: HTTP Error 401: Unauthorized
Checking @MooMsyndrome...
Twitter API error: HTTP Error 401: Unauthorized
Checking @FintechFraming...
Twitter API error: HTTP Error 401: Unauthorized
Twitter API error: HTTP Error 401: Unauthorized
X20 scan complete. 0 alerts sent.
Starting X20 Pro scan at 2026-05-12 06:30
Checking @CryptoCred...
Twitter API error: HTTP Error 401: Unauthorized
Checking @IamNomad...
Twitter API error: HTTP Error 401: Unauthorized
Checking @LightCrypto...
Twitter API error: HTTP Error 401: Unauthorized
Checking @IncomeSharks...
Twitter API error: HTTP Error 401: Unauthorized
Checking @PeterLBrandt...
Twitter API error: HTTP Error 401: Unauthorized
Checking @CryptoKaleo...
Twitter API error: HTTP Error 401: Unauthorized
Checking @woonomic...
Twitter API error: HTTP Error 401: Unauthorized
Checking @RaoulGMI...
Twitter API error: HTTP Error 401: Unauthorized
Checking @TheCryptoDog...
Twitter API error: HTTP Error 401: Unauthorized
Checking @CryptoCapo_...
Twitter API error: HTTP Error 401: Unauthorized
Checking @TraderMayne...
Twitter API error: HTTP Error 401: Unauthorized
Checking @Trader_XO...
Twitter API error: HTTP Error 401: Unauthorized
Checking @CryptoMichNL...
Twitter API error: HTTP Error 401: Unauthorized
Checking @AltcoinPsycho...
Twitter API error: HTTP Error 401: Unauthorized
Checking @MrMichaelNye...
Twitter API error: HTTP Error 401: Unauthorized
Checking @CryptoWendyO...
Twitter API error: HTTP Error 401: Unauthorized
Checking @Throne...
Twitter API error: HTTP Error 401: Unauthorized
Checking @CryptoISO...
Twitter API error: HTTP Error 401: Unauthorized
Checking @MooMsyndrome...
Twitter API error: HTTP Error 401: Unauthorized
Checking @FintechFraming...
Twitter API error: HTTP Error 401: Unauthorized
Twitter API error: HTTP Error 401: Unauthorized
X20 scan complete. 0 alerts sent.
Starting X20 Pro scan at 2026-05-12 06:45
Checking @CryptoCred...
Twitter API error: HTTP Error 401: Unauthorized
Checking @IamNomad...
Twitter API error: HTTP Error 401: Unauthorized
Checking @LightCrypto...
Twitter API error: HTTP Error 401: Unauthorized
Checking @IncomeSharks...
Twitter API error: HTTP Error 401: Unauthorized
Checking @PeterLBrandt...
Twitter API error: HTTP Error 401: Unauthorized
Checking @CryptoKaleo...
Twitter API error: HTTP Error 401: Unauthorized
Checking @woonomic...
Twitter API error: HTTP Error 401: Unauthorized
Checking @RaoulGMI...
Twitter API error: HTTP Error 401: Unauthorized
Checking @TheCryptoDog...
Twitter API error: HTTP Error 401: Unauthorized
Checking @CryptoCapo_...
Twitter API error: HTTP Error 401: Unauthorized
Checking @TraderMayne...
Twitter API error: HTTP Error 401: Unauthorized
Checking @Trader_XO...
Twitter API error: HTTP Error 401: Unauthorized
Checking @CryptoMichNL...
Twitter API error: HTTP Error 401: Unauthorized
Checking @AltcoinPsycho...
Twitter API error: HTTP Error 401: Unauthorized
Checking @MrMichaelNye...
Twitter API error: HTTP Error 401: Unauthorized
Checking @CryptoWendyO...
Twitter API error: HTTP Error 401: Unauthorized
Checking @Throne...
Twitter API error: HTTP Error 401: Unauthorized
Checking @CryptoISO...
Twitter API error: HTTP Error 401: Unauthorized
Checking @MooMsyndrome...
Twitter API error: HTTP Error 401: Unauthorized
Checking @FintechFraming...
Twitter API error: HTTP Error 401: Unauthorized
Twitter API error: HTTP Error 401: Unauthorized
X20 scan complete. 0 alerts sent.
Starting X20 Pro scan at 2026-05-12 07:00
Checking @CryptoCred...
Twitter API error: HTTP Error 401: Unauthorized
Checking @IamNomad...
Twitter API error: HTTP Error 401: Unauthorized
Checking @LightCrypto...
Twitter API error: HTTP Error 401: Unauthorized
Checking @IncomeSharks...
Twitter API error: HTTP Error 401: Unauthorized
Checking @PeterLBrandt...
Twitter API error: HTTP Error 401: Unauthorized
Checking @CryptoKaleo...
Twitter API error: HTTP Error 401: Unauthorized
Checking @woonomic...
Twitter API error: HTTP Error 401: Unauthorized
Checking @RaoulGMI...
Twitter API error: HTTP Error 401: Unauthorized
Checking @TheCryptoDog...
Twitter API error: HTTP Error 401: Unauthorized
Checking @CryptoCapo_...
Twitter API error: HTTP Error 401: Unauthorized
Checking @TraderMayne...
Twitter API error: HTTP Error 401: Unauthorized
Checking @Trader_XO...
Twitter API error: HTTP Error 401: Unauthorized
Checking @CryptoMichNL...
Twitter API error: HTTP Error 401: Unauthorized
Checking @AltcoinPsycho...
Twitter API error: HTTP Error 401: Unauthorized
Checking @MrMichaelNye...
Twitter API error: HTTP Error 401: Unauthorized
Checking @CryptoWendyO...
Twitter API error: HTTP Error 401: Unauthorized
Checking @Throne...
Twitter API error: HTTP Error 401: Unauthorized
Checking @CryptoISO...
Twitter API error: HTTP Error 401: Unauthorized
Checking @MooMsyndrome...
Twitter API error: HTTP Error 401: Unauthorized
Checking @FintechFraming...
Twitter API error: HTTP Error 401: Unauthorized
Twitter API error: HTTP Error 401: Unauthorized
X20 scan complete. 0 alerts sent.
Starting X20 Pro scan at 2026-05-12 07:15
Checking @CryptoCred...
Twitter API error: HTTP Error 401: Unauthorized
Checking @IamNomad...
Twitter API error: HTTP Error 401: Unauthorized
Checking @LightCrypto...
Twitter API error: HTTP Error 401: Unauthorized
Checking @IncomeSharks...
Twitter API error: HTTP Error 401: Unauthorized
Checking @PeterLBrandt...
Twitter API error: HTTP Error 401: Unauthorized
Checking @CryptoKaleo...
Twitter API error: HTTP Error 401: Unauthorized
Checking @woonomic...
Twitter API error: HTTP Error 401: Unauthorized
Checking @RaoulGMI...
Twitter API error: HTTP Error 401: Unauthorized
Checking @TheCryptoDog...
Twitter API error: HTTP Error 401: Unauthorized
Checking @CryptoCapo_...
Twitter API error: HTTP Error 401: Unauthorized
Checking @TraderMayne...
Twitter API error: HTTP Error 401: Unauthorized
Checking @Trader_XO...
Twitter API error: HTTP Error 401: Unauthorized
Checking @CryptoMichNL...
Twitter API error: HTTP Error 401: Unauthorized
Checking @AltcoinPsycho...
Twitter API error: HTTP Error 401: Unauthorized
Checking @MrMichaelNye...
Twitter API error: HTTP Error 401: Unauthorized
Checking @CryptoWendyO...
Twitter API error: HTTP Error 401: Unauthorized
Checking @Throne...
Twitter API error: HTTP Error 401: Unauthorized
Checking @CryptoISO...
Twitter API error: HTTP Error 401: Unauthorized
Checking @MooMsyndrome...
Twitter API error: HTTP Error 401: Unauthorized
Checking @FintechFraming...
Twitter API error: HTTP Error 401: Unauthorized
Twitter API error: HTTP Error 401: Unauthorized
X20 scan complete. 0 alerts sent.
Starting X20 Pro scan at 2026-05-12 07:30
Checking @CryptoCred...
Twitter API error: HTTP Error 401: Unauthorized
Checking @IamNomad...
Twitter API error: HTTP Error 401: Unauthorized
Checking @LightCrypto...
Twitter API error: HTTP Error 401: Unauthorized
Checking @IncomeSharks...
Twitter API error: HTTP Error 401: Unauthorized
Checking @PeterLBrandt...
Twitter API error: HTTP Error 401: Unauthorized
Checking @CryptoKaleo...
Twitter API error: HTTP Error 401: Unauthorized
Checking @woonomic...
Twitter API error: HTTP Error 401: Unauthorized
Checking @RaoulGMI...
Twitter API error: HTTP Error 401: Unauthorized
Checking @TheCryptoDog...
Twitter API error: HTTP Error 401: Unauthorized
Checking @CryptoCapo_...
Twitter API error: HTTP Error 401: Unauthorized
Checking @TraderMayne...
Twitter API error: HTTP Error 401: Unauthorized
Checking @Trader_XO...
Twitter API error: HTTP Error 401: Unauthorized
Checking @CryptoMichNL...
Twitter API error: HTTP Error 401: Unauthorized
Checking @AltcoinPsycho...
Twitter API error: HTTP Error 401: Unauthorized
Checking @MrMichaelNye...
Twitter API error: HTTP Error 401: Unauthorized
Checking @CryptoWendyO...
Twitter API error: HTTP Error 401: Unauthorized
Checking @Throne...
Twitter API error: HTTP Error 401: Unauthorized
Checking @CryptoISO...
Twitter API error: HTTP Error 401: Unauthorized
Checking @MooMsyndrome...
Twitter API error: HTTP Error 401: Unauthorized
Checking @FintechFraming...
Twitter API error: HTTP Error 401: Unauthorized
Twitter API error: HTTP Error 401: Unauthorized
X20 scan complete. 0 alerts sent.
Starting X20 Pro scan at 2026-05-12 07:45
Checking @CryptoCred...
Twitter API error: HTTP Error 401: Unauthorized
Checking @IamNomad...
Twitter API error: HTTP Error 401: Unauthorized
Checking @LightCrypto...
Twitter API error: HTTP Error 401: Unauthorized
Checking @IncomeSharks...
Twitter API error: HTTP Error 401: Unauthorized
Checking @PeterLBrandt...
Twitter API error: HTTP Error 401: Unauthorized
Checking @CryptoKaleo...
Twitter API error: HTTP Error 401: Unauthorized
Checking @woonomic...
Twitter API error: HTTP Error 401: Unauthorized
Checking @RaoulGMI...
Twitter API error: HTTP Error 401: Unauthorized
Checking @TheCryptoDog...
Twitter API error: HTTP Error 401: Unauthorized
Checking @CryptoCapo_...
Twitter API error: HTTP Error 401: Unauthorized
Checking @TraderMayne...
Twitter API error: HTTP Error 401: Unauthorized
Checking @Trader_XO...
Twitter API error: HTTP Error 401: Unauthorized
Checking @CryptoMichNL...
Twitter API error: HTTP Error 401: Unauthorized
Checking @AltcoinPsycho...
Twitter API error: HTTP Error 401: Unauthorized
Checking @MrMichaelNye...
Twitter API error: HTTP Error 401: Unauthorized
Checking @CryptoWendyO...
Twitter API error: HTTP Error 401: Unauthorized
Checking @Throne...
Twitter API error: HTTP Error 401: Unauthorized
Checking @CryptoISO...
Twitter API error: HTTP Error 401: Unauthorized
Checking @MooMsyndrome...
Twitter API error: HTTP Error 401: Unauthorized
Checking @FintechFraming...
Twitter API error: HTTP Error 401: Unauthorized
Twitter API error: HTTP Error 401: Unauthorized
X20 scan complete. 0 alerts sent.
Starting X20 Pro scan at 2026-05-12 08:00
Checking @CryptoCred...
Twitter API error: HTTP Error 401: Unauthorized
Checking @IamNomad...
Twitter API error: HTTP Error 401: Unauthorized
Checking @LightCrypto...
Twitter API error: HTTP Error 401: Unauthorized
Checking @IncomeSharks...
Twitter API error: HTTP Error 401: Unauthorized
Checking @PeterLBrandt...
Twitter API error: HTTP Error 401: Unauthorized
Checking @CryptoKaleo...
Twitter API error: HTTP Error 401: Unauthorized
Checking @woonomic...
Twitter API error: HTTP Error 401: Unauthorized
Checking @RaoulGMI...
Twitter API error: HTTP Error 401: Unauthorized
Checking @TheCryptoDog...
Twitter API error: HTTP Error 401: Unauthorized
Checking @CryptoCapo_...
Twitter API error: HTTP Error 401: Unauthorized
Checking @TraderMayne...
Twitter API error: HTTP Error 401: Unauthorized
Checking @Trader_XO...
Twitter API error: HTTP Error 401: Unauthorized
Checking @CryptoMichNL...
Twitter API error: HTTP Error 401: Unauthorized
Checking @AltcoinPsycho...
Twitter API error: HTTP Error 401: Unauthorized
Checking @MrMichaelNye...
Twitter API error: HTTP Error 401: Unauthorized
Checking @CryptoWendyO...
Twitter API error: HTTP Error 401: Unauthorized
Checking @Throne...
Twitter API error: HTTP Error 401: Unauthorized
Checking @CryptoISO...
Twitter API error: HTTP Error 401: Unauthorized
Checking @MooMsyndrome...
Twitter API error: HTTP Error 401: Unauthorized
Checking @FintechFraming...
Twitter API error: HTTP Error 401: Unauthorized
Twitter API error: HTTP Error 401: Unauthorized
X20 scan complete. 0 alerts sent.
Starting X20 Pro scan at 2026-05-12 08:15
Checking @CryptoCred...
Twitter API error: HTTP Error 401: Unauthorized
Checking @IamNomad...
Twitter API error: HTTP Error 401: Unauthorized
Checking @LightCrypto...
Twitter API error: HTTP Error 401: Unauthorized
Checking @IncomeSharks...
Twitter API error: HTTP Error 401: Unauthorized
Checking @PeterLBrandt...
Twitter API error: HTTP Error 401: Unauthorized
Checking @CryptoKaleo...
Twitter API error: HTTP Error 401: Unauthorized
Checking @woonomic...
Twitter API error: HTTP Error 401: Unauthorized
Checking @RaoulGMI...
Twitter API error: HTTP Error 401: Unauthorized
Checking @TheCryptoDog...
Twitter API error: HTTP Error 401: Unauthorized
Checking @CryptoCapo_...
Twitter API error: HTTP Error 401: Unauthorized
Checking @TraderMayne...
Twitter API error: HTTP Error 401: Unauthorized
Checking @Trader_XO...
Twitter API error: HTTP Error 401: Unauthorized
Checking @CryptoMichNL...
Twitter API error: HTTP Error 401: Unauthorized
Checking @AltcoinPsycho...
Twitter API error: HTTP Error 401: Unauthorized
Checking @MrMichaelNye...
Twitter API error: HTTP Error 401: Unauthorized
Checking @CryptoWendyO...
Twitter API error: HTTP Error 401: Unauthorized
Checking @Throne...
Twitter API error: HTTP Error 401: Unauthorized
Checking @CryptoISO...
Twitter API error: HTTP Error 401: Unauthorized
Checking @MooMsyndrome...
Twitter API error: HTTP Error 401: Unauthorized
Checking @FintechFraming...
Twitter API error: HTTP Error 401: Unauthorized
Twitter API error: HTTP Error 401: Unauthorized
X20 scan complete. 0 alerts sent.
Starting X20 Pro scan at 2026-05-12 08:30
Checking @CryptoCred...
Twitter API error: HTTP Error 401: Unauthorized
Checking @IamNomad...
Twitter API error: HTTP Error 401: Unauthorized
Checking @LightCrypto...
Twitter API error: HTTP Error 401: Unauthorized
Checking @IncomeSharks...
Twitter API error: HTTP Error 401: Unauthorized
Checking @PeterLBrandt...
Twitter API error: HTTP Error 401: Unauthorized
Checking @CryptoKaleo...
Twitter API error: HTTP Error 401: Unauthorized
Checking @woonomic...
Twitter API error: HTTP Error 401: Unauthorized
Checking @RaoulGMI...
Twitter API error: HTTP Error 401: Unauthorized
Checking @TheCryptoDog...
Twitter API error: HTTP Error 401: Unauthorized
Checking @CryptoCapo_...
Twitter API error: HTTP Error 401: Unauthorized
Checking @TraderMayne...
Twitter API error: HTTP Error 401: Unauthorized
Checking @Trader_XO...
Twitter API error: HTTP Error 401: Unauthorized
Checking @CryptoMichNL...
Twitter API error: HTTP Error 401: Unauthorized
Checking @AltcoinPsycho...
Twitter API error: HTTP Error 401: Unauthorized
Checking @MrMichaelNye...
Twitter API error: HTTP Error 401: Unauthorized
Checking @CryptoWendyO...
Twitter API error: HTTP Error 401: Unauthorized
Checking @Throne...
Twitter API error: HTTP Error 401: Unauthorized
Checking @CryptoISO...
Twitter API error: HTTP Error 401: Unauthorized
Checking @MooMsyndrome...
Twitter API error: HTTP Error 401: Unauthorized
Checking @FintechFraming...
Twitter API error: HTTP Error 401: Unauthorized
Twitter API error: HTTP Error 401: Unauthorized
X20 scan complete. 0 alerts sent.
Starting X20 Pro scan at 2026-05-12 08:45
Checking @CryptoCred...
Twitter API error: HTTP Error 401: Unauthorized
Checking @IamNomad...
Twitter API error: HTTP Error 401: Unauthorized
Checking @LightCrypto...
Twitter API error: HTTP Error 401: Unauthorized
Checking @IncomeSharks...
Twitter API error: HTTP Error 401: Unauthorized
Checking @PeterLBrandt...
Twitter API error: HTTP Error 401: Unauthorized
Checking @CryptoKaleo...
Twitter API error: HTTP Error 401: Unauthorized
Checking @woonomic...
Twitter API error: HTTP Error 401: Unauthorized
Checking @RaoulGMI...
Twitter API error: HTTP Error 401: Unauthorized
Checking @TheCryptoDog...
Twitter API error: HTTP Error 401: Unauthorized
Checking @CryptoCapo_...
Twitter API error: HTTP Error 401: Unauthorized
Checking @TraderMayne...
Twitter API error: HTTP Error 401: Unauthorized
Checking @Trader_XO...
Twitter API error: HTTP Error 401: Unauthorized
Checking @CryptoMichNL...
Twitter API error: HTTP Error 401: Unauthorized
Checking @AltcoinPsycho...
Twitter API error: HTTP Error 401: Unauthorized
Checking @MrMichaelNye...
Twitter API error: HTTP Error 401: Unauthorized
Checking @CryptoWendyO...
Twitter API error: HTTP Error 401: Unauthorized
Checking @Throne...
Twitter API error: HTTP Error 401: Unauthorized
Checking @CryptoISO...
Twitter API error: HTTP Error 401: Unauthorized
Checking @MooMsyndrome...
Twitter API error: HTTP Error 401: Unauthorized
Checking @FintechFraming...
Twitter API error: HTTP Error 401: Unauthorized
Twitter API error: HTTP Error 401: Unauthorized
X20 scan complete. 0 alerts sent.
Starting X20 Pro scan at 2026-05-12 09:00
Checking @CryptoCred...
Twitter API error: HTTP Error 401: Unauthorized
Checking @IamNomad...
Twitter API error: HTTP Error 401: Unauthorized
Checking @LightCrypto...
Twitter API error: HTTP Error 401: Unauthorized
Checking @IncomeSharks...
Twitter API error: HTTP Error 401: Unauthorized
Checking @PeterLBrandt...
Twitter API error: HTTP Error 401: Unauthorized
Checking @CryptoKaleo...
Twitter API error: HTTP Error 401: Unauthorized
Checking @woonomic...
Twitter API error: HTTP Error 401: Unauthorized
Checking @RaoulGMI...
Twitter API error: HTTP Error 401: Unauthorized
Checking @TheCryptoDog...
Twitter API error: HTTP Error 401: Unauthorized
Checking @CryptoCapo_...
Twitter API error: HTTP Error 401: Unauthorized
Checking @TraderMayne...
Twitter API error: HTTP Error 401: Unauthorized
Checking @Trader_XO...
Twitter API error: HTTP Error 401: Unauthorized
Checking @CryptoMichNL...
Twitter API error: HTTP Error 401: Unauthorized
Checking @AltcoinPsycho...
Twitter API error: HTTP Error 401: Unauthorized
Checking @MrMichaelNye...
Twitter API error: HTTP Error 401: Unauthorized
Checking @CryptoWendyO...
Twitter API error: HTTP Error 401: Unauthorized
Checking @Throne...
Twitter API error: HTTP Error 401: Unauthorized
Checking @CryptoISO...
Twitter API error: HTTP Error 401: Unauthorized
Checking @MooMsyndrome...
Twitter API error: HTTP Error 401: Unauthorized
Checking @FintechFraming...
Twitter API error: HTTP Error 401: Unauthorized
Twitter API error: HTTP Error 401: Unauthorized
X20 scan complete. 0 alerts sent.
Starting X20 Pro scan at 2026-05-12 09:15
Checking @CryptoCred...
Twitter API error: HTTP Error 401: Unauthorized
Checking @IamNomad...
Twitter API error: HTTP Error 401: Unauthorized
Checking @LightCrypto...
Twitter API error: HTTP Error 401: Unauthorized
Checking @IncomeSharks...
Twitter API error: HTTP Error 401: Unauthorized
Checking @PeterLBrandt...
Twitter API error: HTTP Error 401: Unauthorized
Checking @CryptoKaleo...
Twitter API error: HTTP Error 401: Unauthorized
Checking @woonomic...
Twitter API error: HTTP Error 401: Unauthorized
Checking @RaoulGMI...
Twitter API error: HTTP Error 401: Unauthorized
Checking @TheCryptoDog...
Twitter API error: HTTP Error 401: Unauthorized
Checking @CryptoCapo_...
Twitter API error: HTTP Error 401: Unauthorized
Checking @TraderMayne...
Twitter API error: HTTP Error 401: Unauthorized
Checking @Trader_XO...
Twitter API error: HTTP Error 401: Unauthorized
Checking @CryptoMichNL...
Twitter API error: HTTP Error 401: Unauthorized
Checking @AltcoinPsycho...
Twitter API error: HTTP Error 401: Unauthorized
Checking @MrMichaelNye...
Twitter API error: HTTP Error 401: Unauthorized
Checking @CryptoWendyO...
Twitter API error: HTTP Error 401: Unauthorized
Checking @Throne...
Twitter API error: HTTP Error 401: Unauthorized
Checking @CryptoISO...
Twitter API error: HTTP Error 401: Unauthorized
Checking @MooMsyndrome...
Twitter API error: HTTP Error 401: Unauthorized
Checking @FintechFraming...
Twitter API error: HTTP Error 401: Unauthorized
Twitter API error: HTTP Error 401: Unauthorized
X20 scan complete. 0 alerts sent.
Starting X20 Pro scan at 2026-05-12 09:30
Checking @CryptoCred...
Twitter API error: HTTP Error 401: Unauthorized
Checking @IamNomad...
Twitter API error: HTTP Error 401: Unauthorized
Checking @LightCrypto...
Twitter API error: HTTP Error 401: Unauthorized
Checking @IncomeSharks...
Twitter API error: HTTP Error 401: Unauthorized
Checking @PeterLBrandt...
Twitter API error: HTTP Error 401: Unauthorized
Checking @CryptoKaleo...
Twitter API error: HTTP Error 401: Unauthorized
Checking @woonomic...
Twitter API error: HTTP Error 401: Unauthorized
Checking @RaoulGMI...
Twitter API error: HTTP Error 401: Unauthorized
Checking @TheCryptoDog...
Twitter API error: HTTP Error 401: Unauthorized
Checking @CryptoCapo_...
Twitter API error: HTTP Error 401: Unauthorized
Checking @TraderMayne...
Twitter API error: HTTP Error 401: Unauthorized
Checking @Trader_XO...
Twitter API error: HTTP Error 401: Unauthorized
Checking @CryptoMichNL...
Twitter API error: HTTP Error 401: Unauthorized
Checking @AltcoinPsycho...
Twitter API error: HTTP Error 401: Unauthorized
Checking @MrMichaelNye...
Twitter API error: HTTP Error 401: Unauthorized
Checking @CryptoWendyO...
Twitter API error: HTTP Error 401: Unauthorized
Checking @Throne...
Twitter API error: HTTP Error 401: Unauthorized
Checking @CryptoISO...
Twitter API error: HTTP Error 401: Unauthorized
Checking @MooMsyndrome...
Twitter API error: HTTP Error 401: Unauthorized
Checking @FintechFraming...
Twitter API error: HTTP Error 401: Unauthorized
Twitter API error: HTTP Error 401: Unauthorized
X20 scan complete. 0 alerts sent.
Starting X20 Pro scan at 2026-05-12 09:45
Checking @CryptoCred...
Twitter API error: HTTP Error 401: Unauthorized
Checking @IamNomad...
Twitter API error: HTTP Error 401: Unauthorized
Checking @LightCrypto...
Twitter API error: HTTP Error 401: Unauthorized
Checking @IncomeSharks...
Twitter API error: HTTP Error 401: Unauthorized
Checking @PeterLBrandt...
Twitter API error: HTTP Error 401: Unauthorized
Checking @CryptoKaleo...
Twitter API error: HTTP Error 401: Unauthorized
Checking @woonomic...
Twitter API error: HTTP Error 401: Unauthorized
Checking @RaoulGMI...
Twitter API error: HTTP Error 401: Unauthorized
Checking @TheCryptoDog...
Twitter API error: HTTP Error 401: Unauthorized
Checking @CryptoCapo_...
Twitter API error: HTTP Error 401: Unauthorized
Checking @TraderMayne...
Twitter API error: HTTP Error 401: Unauthorized
Checking @Trader_XO...
Twitter API error: HTTP Error 401: Unauthorized
Checking @CryptoMichNL...
Twitter API error: HTTP Error 401: Unauthorized
Checking @AltcoinPsycho...
Twitter API error: HTTP Error 401: Unauthorized
Checking @MrMichaelNye...
Twitter API error: HTTP Error 401: Unauthorized
Checking @CryptoWendyO...
Twitter API error: HTTP Error 401: Unauthorized
Checking @Throne...
Twitter API error: HTTP Error 401: Unauthorized
Checking @CryptoISO...
Twitter API error: HTTP Error 401: Unauthorized
Checking @MooMsyndrome...
Twitter API error: HTTP Error 401: Unauthorized
Checking @FintechFraming...
Twitter API error: HTTP Error 401: Unauthorized
Twitter API error: HTTP Error 401: Unauthorized
X20 scan complete. 0 alerts sent.
Starting X20 Pro scan at 2026-05-12 10:00
Checking @CryptoCred...
Twitter API error: HTTP Error 401: Unauthorized
Checking @IamNomad...
Twitter API error: HTTP Error 401: Unauthorized
Checking @LightCrypto...
Twitter API error: HTTP Error 401: Unauthorized
Checking @IncomeSharks...
Twitter API error: HTTP Error 401: Unauthorized
Checking @PeterLBrandt...
Twitter API error: HTTP Error 401: Unauthorized
Checking @CryptoKaleo...
Twitter API error: HTTP Error 401: Unauthorized
Checking @woonomic...
Twitter API error: HTTP Error 401: Unauthorized
Checking @RaoulGMI...
Twitter API error: HTTP Error 401: Unauthorized
Checking @TheCryptoDog...
Twitter API error: HTTP Error 401: Unauthorized
Checking @CryptoCapo_...
Twitter API error: HTTP Error 401: Unauthorized
Checking @TraderMayne...
Twitter API error: HTTP Error 401: Unauthorized
Checking @Trader_XO...
Twitter API error: HTTP Error 401: Unauthorized
Checking @CryptoMichNL...
Twitter API error: HTTP Error 401: Unauthorized
Checking @AltcoinPsycho...
Twitter API error: HTTP Error 401: Unauthorized
Checking @MrMichaelNye...
Twitter API error: HTTP Error 401: Unauthorized
Checking @CryptoWendyO...
Twitter API error: HTTP Error 401: Unauthorized
Checking @Throne...
Twitter API error: HTTP Error 401: Unauthorized
Checking @CryptoISO...
Twitter API error: HTTP Error 401: Unauthorized
Checking @MooMsyndrome...
Twitter API error: HTTP Error 401: Unauthorized
Checking @FintechFraming...
Twitter API error: HTTP Error 401: Unauthorized
Twitter API error: HTTP Error 401: Unauthorized
X20 scan complete. 0 alerts sent.
Starting X20 Pro scan at 2026-05-12 10:15
Checking @CryptoCred...
Twitter API error: HTTP Error 401: Unauthorized
Checking @IamNomad...
Twitter API error: HTTP Error 401: Unauthorized
Checking @LightCrypto...
Twitter API error: HTTP Error 401: Unauthorized
Checking @IncomeSharks...
Twitter API error: HTTP Error 401: Unauthorized
Checking @PeterLBrandt...
Twitter API error: HTTP Error 401: Unauthorized
Checking @CryptoKaleo...
Twitter API error: HTTP Error 401: Unauthorized
Checking @woonomic...
Twitter API error: HTTP Error 401: Unauthorized
Checking @RaoulGMI...
Twitter API error: HTTP Error 401: Unauthorized
Checking @TheCryptoDog...
Twitter API error: HTTP Error 401: Unauthorized
Checking @CryptoCapo_...
Twitter API error: HTTP Error 401: Unauthorized
Checking @TraderMayne...
Twitter API error: HTTP Error 401: Unauthorized
Checking @Trader_XO...
Twitter API error: HTTP Error 401: Unauthorized
Checking @CryptoMichNL...
Twitter API error: HTTP Error 401: Unauthorized
Checking @AltcoinPsycho...
Twitter API error: HTTP Error 401: Unauthorized
Checking @MrMichaelNye...
Twitter API error: HTTP Error 401: Unauthorized
Checking @CryptoWendyO...
Twitter API error: HTTP Error 401: Unauthorized
Checking @Throne...
Twitter API error: HTTP Error 401: Unauthorized
Checking @CryptoISO...
Twitter API error: HTTP Error 401: Unauthorized
Checking @MooMsyndrome...
Twitter API error: HTTP Error 401: Unauthorized
Checking @FintechFraming...
Twitter API error: HTTP Error 401: Unauthorized
Twitter API error: HTTP Error 401: Unauthorized
X20 scan complete. 0 alerts sent.
Starting X20 Pro scan at 2026-05-12 10:30
Checking @CryptoCred...
Twitter API error: HTTP Error 401: Unauthorized
Checking @IamNomad...
Twitter API error: HTTP Error 401: Unauthorized
Checking @LightCrypto...
Twitter API error: HTTP Error 401: Unauthorized
Checking @IncomeSharks...
Twitter API error: HTTP Error 401: Unauthorized
Checking @PeterLBrandt...
Twitter API error: HTTP Error 401: Unauthorized
Checking @CryptoKaleo...
Twitter API error: HTTP Error 401: Unauthorized
Checking @woonomic...
Twitter API error: HTTP Error 401: Unauthorized
Checking @RaoulGMI...
Twitter API error: HTTP Error 401: Unauthorized
Checking @TheCryptoDog...
Twitter API error: HTTP Error 401: Unauthorized
Checking @CryptoCapo_...
Twitter API error: HTTP Error 401: Unauthorized
Checking @TraderMayne...
Twitter API error: HTTP Error 401: Unauthorized
Checking @Trader_XO...
Twitter API error: HTTP Error 401: Unauthorized
Checking @CryptoMichNL...
Twitter API error: HTTP Error 401: Unauthorized
Checking @AltcoinPsycho...
Twitter API error: HTTP Error 401: Unauthorized
Checking @MrMichaelNye...
Twitter API error: HTTP Error 401: Unauthorized
Checking @CryptoWendyO...
Twitter API error: HTTP Error 401: Unauthorized
Checking @Throne...
Twitter API error: HTTP Error 401: Unauthorized
Checking @CryptoISO...
Twitter API error: HTTP Error 401: Unauthorized
Checking @MooMsyndrome...
Twitter API error: HTTP Error 401: Unauthorized
Checking @FintechFraming...
Twitter API error: HTTP Error 401: Unauthorized
Twitter API error: HTTP Error 401: Unauthorized
X20 scan complete. 0 alerts sent.
Starting X20 Pro scan at 2026-05-12 10:45
Checking @CryptoCred...
Twitter API error: HTTP Error 401: Unauthorized
Checking @IamNomad...
Twitter API error: HTTP Error 401: Unauthorized
Checking @LightCrypto...
Twitter API error: HTTP Error 401: Unauthorized
Checking @IncomeSharks...
Twitter API error: HTTP Error 401: Unauthorized
Checking @PeterLBrandt...
Twitter API error: HTTP Error 401: Unauthorized
Checking @CryptoKaleo...
Twitter API error: HTTP Error 401: Unauthorized
Checking @woonomic...
Twitter API error: HTTP Error 401: Unauthorized
Checking @RaoulGMI...
Twitter API error: HTTP Error 401: Unauthorized
Checking @TheCryptoDog...
Twitter API error: HTTP Error 401: Unauthorized
Checking @CryptoCapo_...
Twitter API error: HTTP Error 401: Unauthorized
Checking @TraderMayne...
Twitter API error: HTTP Error 401: Unauthorized
Checking @Trader_XO...
Twitter API error: HTTP Error 401: Unauthorized
Checking @CryptoMichNL...
Twitter API error: HTTP Error 401: Unauthorized
Checking @AltcoinPsycho...
Twitter API error: HTTP Error 401: Unauthorized
Checking @MrMichaelNye...
Twitter API error: HTTP Error 401: Unauthorized
Checking @CryptoWendyO...
Twitter API error: HTTP Error 401: Unauthorized
Checking @Throne...
Twitter API error: HTTP Error 401: Unauthorized
Checking @CryptoISO...
Twitter API error: HTTP Error 401: Unauthorized
Checking @MooMsyndrome...
Twitter API error: HTTP Error 401: Unauthorized
Checking @FintechFraming...
Twitter API error: HTTP Error 401: Unauthorized
Twitter API error: HTTP Error 401: Unauthorized
X20 scan complete. 0 alerts sent.
Starting X20 Pro scan at 2026-05-12 11:00
Checking @CryptoCred...
Twitter API error: HTTP Error 401: Unauthorized
Checking @IamNomad...
Twitter API error: HTTP Error 401: Unauthorized
Checking @LightCrypto...
Twitter API error: HTTP Error 401: Unauthorized
Checking @IncomeSharks...
Twitter API error: HTTP Error 401: Unauthorized
Checking @PeterLBrandt...
Twitter API error: HTTP Error 401: Unauthorized
Checking @CryptoKaleo...
Twitter API error: HTTP Error 401: Unauthorized
Checking @woonomic...
Twitter API error: HTTP Error 401: Unauthorized
Checking @RaoulGMI...
Twitter API error: HTTP Error 401: Unauthorized
Checking @TheCryptoDog...
Twitter API error: HTTP Error 401: Unauthorized
Checking @CryptoCapo_...
Twitter API error: HTTP Error 401: Unauthorized
Checking @TraderMayne...
Twitter API error: HTTP Error 401: Unauthorized
Checking @Trader_XO...
Twitter API error: HTTP Error 401: Unauthorized
Checking @CryptoMichNL...
Twitter API error: HTTP Error 401: Unauthorized
Checking @AltcoinPsycho...
Twitter API error: HTTP Error 401: Unauthorized
Checking @MrMichaelNye...
Twitter API error: HTTP Error 401: Unauthorized
Checking @CryptoWendyO...
Twitter API error: HTTP Error 401: Unauthorized
Checking @Throne...
Twitter API error: HTTP Error 401: Unauthorized
Checking @CryptoISO...
Twitter API error: HTTP Error 401: Unauthorized
Checking @MooMsyndrome...
Twitter API error: HTTP Error 401: Unauthorized
Checking @FintechFraming...
Twitter API error: HTTP Error 401: Unauthorized
Twitter API error: HTTP Error 401: Unauthorized
X20 scan complete. 0 alerts sent.
Starting X20 Pro scan at 2026-05-12 11:15
Checking @CryptoCred...
Twitter API error: HTTP Error 401: Unauthorized
Checking @IamNomad...
Twitter API error: HTTP Error 401: Unauthorized
Checking @LightCrypto...
Twitter API error: HTTP Error 401: Unauthorized
Checking @IncomeSharks...
Twitter API error: HTTP Error 401: Unauthorized
Checking @PeterLBrandt...
Twitter API error: HTTP Error 401: Unauthorized
Checking @CryptoKaleo...
Twitter API error: HTTP Error 401: Unauthorized
Checking @woonomic...
Twitter API error: HTTP Error 401: Unauthorized
Checking @RaoulGMI...
Twitter API error: HTTP Error 401: Unauthorized
Checking @TheCryptoDog...
Twitter API error: HTTP Error 401: Unauthorized
Checking @CryptoCapo_...
Twitter API error: HTTP Error 401: Unauthorized
Checking @TraderMayne...
Twitter API error: HTTP Error 401: Unauthorized
Checking @Trader_XO...
Twitter API error: HTTP Error 401: Unauthorized
Checking @CryptoMichNL...
Twitter API error: HTTP Error 401: Unauthorized
Checking @AltcoinPsycho...
Twitter API error: HTTP Error 401: Unauthorized
Checking @MrMichaelNye...
Twitter API error: HTTP Error 401: Unauthorized
Checking @CryptoWendyO...
Twitter API error: HTTP Error 401: Unauthorized
Checking @Throne...
Twitter API error: HTTP Error 401: Unauthorized
Checking @CryptoISO...
Twitter API error: HTTP Error 401: Unauthorized
Checking @MooMsyndrome...
Twitter API error: HTTP Error 401: Unauthorized
Checking @FintechFraming...
Twitter API error: HTTP Error 401: Unauthorized
Twitter API error: HTTP Error 401: Unauthorized
X20 scan complete. 0 alerts sent.
Starting X20 Pro scan at 2026-05-12 11:30
Checking @CryptoCred...
Twitter API error: HTTP Error 401: Unauthorized
Checking @IamNomad...
Twitter API error: HTTP Error 401: Unauthorized
Checking @LightCrypto...
Twitter API error: HTTP Error 401: Unauthorized
Checking @IncomeSharks...
Twitter API error: HTTP Error 401: Unauthorized
Checking @PeterLBrandt...
Twitter API error: HTTP Error 401: Unauthorized
Checking @CryptoKaleo...
Twitter API error: HTTP Error 401: Unauthorized
Checking @woonomic...
Twitter API error: HTTP Error 401: Unauthorized
Checking @RaoulGMI...
Twitter API error: HTTP Error 401: Unauthorized
Checking @TheCryptoDog...
Twitter API error: HTTP Error 401: Unauthorized
Checking @CryptoCapo_...
Twitter API error: HTTP Error 401: Unauthorized
Checking @TraderMayne...
Twitter API error: HTTP Error 401: Unauthorized
Checking @Trader_XO...
Twitter API error: HTTP Error 401: Unauthorized
Checking @CryptoMichNL...
Twitter API error: HTTP Error 401: Unauthorized
Checking @AltcoinPsycho...
Twitter API error: HTTP Error 401: Unauthorized
Checking @MrMichaelNye...
Twitter API error: HTTP Error 401: Unauthorized
Checking @CryptoWendyO...
Twitter API error: HTTP Error 401: Unauthorized
Checking @Throne...
Twitter API error: HTTP Error 401: Unauthorized
Checking @CryptoISO...
Twitter API error: HTTP Error 401: Unauthorized
Checking @MooMsyndrome...
Twitter API error: HTTP Error 401: Unauthorized
Checking @FintechFraming...
Twitter API error: HTTP Error 401: Unauthorized
Twitter API error: HTTP Error 401: Unauthorized
X20 scan complete. 0 alerts sent.
Starting X20 Pro scan at 2026-05-12 11:45
Checking @CryptoCred...
Twitter API error: HTTP Error 401: Unauthorized
Checking @IamNomad...
Twitter API error: HTTP Error 401: Unauthorized
Checking @LightCrypto...
Twitter API error: HTTP Error 401: Unauthorized
Checking @IncomeSharks...
Twitter API error: HTTP Error 401: Unauthorized
Checking @PeterLBrandt...
Twitter API error: HTTP Error 401: Unauthorized
Checking @CryptoKaleo...
Twitter API error: HTTP Error 401: Unauthorized
Checking @woonomic...
Twitter API error: HTTP Error 401: Unauthorized
Checking @RaoulGMI...
Twitter API error: HTTP Error 401: Unauthorized
Checking @TheCryptoDog...
Twitter API error: HTTP Error 401: Unauthorized
Checking @CryptoCapo_...
Twitter API error: HTTP Error 401: Unauthorized
Checking @TraderMayne...
Twitter API error: HTTP Error 401: Unauthorized
Checking @Trader_XO...
Twitter API error: HTTP Error 401: Unauthorized
Checking @CryptoMichNL...
Twitter API error: HTTP Error 401: Unauthorized
Checking @AltcoinPsycho...
Twitter API error: HTTP Error 401: Unauthorized
Checking @MrMichaelNye...
Twitter API error: HTTP Error 401: Unauthorized
Checking @CryptoWendyO...
Twitter API error: HTTP Error 401: Unauthorized
Checking @Throne...
Twitter API error: HTTP Error 401: Unauthorized
Checking @CryptoISO...
Twitter API error: HTTP Error 401: Unauthorized
Checking @MooMsyndrome...
Twitter API error: HTTP Error 401: Unauthorized
Checking @FintechFraming...
Twitter API error: HTTP Error 401: Unauthorized
Twitter API error: HTTP Error 401: Unauthorized
X20 scan complete. 0 alerts sent.
Starting X20 Pro scan at 2026-05-12 12:00
Checking @CryptoCred...
Twitter API error: HTTP Error 401: Unauthorized
Checking @IamNomad...
Twitter API error: HTTP Error 401: Unauthorized
Checking @LightCrypto...
Twitter API error: HTTP Error 401: Unauthorized
Checking @IncomeSharks...
Twitter API error: HTTP Error 401: Unauthorized
Checking @PeterLBrandt...
Twitter API error: HTTP Error 401: Unauthorized
Checking @CryptoKaleo...
Twitter API error: HTTP Error 401: Unauthorized
Checking @woonomic...
Twitter API error: HTTP Error 401: Unauthorized
Checking @RaoulGMI...
Twitter API error: HTTP Error 401: Unauthorized
Checking @TheCryptoDog...
Twitter API error: HTTP Error 401: Unauthorized
Checking @CryptoCapo_...
Twitter API error: HTTP Error 401: Unauthorized
Checking @TraderMayne...
Twitter API error: HTTP Error 401: Unauthorized
Checking @Trader_XO...
Twitter API error: HTTP Error 401: Unauthorized
Checking @CryptoMichNL...
Twitter API error: HTTP Error 401: Unauthorized
Checking @AltcoinPsycho...
Twitter API error: HTTP Error 401: Unauthorized
Checking @MrMichaelNye...
Twitter API error: HTTP Error 401: Unauthorized
Checking @CryptoWendyO...
Twitter API error: HTTP Error 401: Unauthorized
Checking @Throne...
Twitter API error: HTTP Error 401: Unauthorized
Checking @CryptoISO...
Twitter API error: HTTP Error 401: Unauthorized
Checking @MooMsyndrome...
Twitter API error: HTTP Error 401: Unauthorized
Checking @FintechFraming...
Twitter API error: HTTP Error 401: Unauthorized
Twitter API error: HTTP Error 401: Unauthorized
X20 scan complete. 0 alerts sent.
Starting X20 Pro scan at 2026-05-12 12:15
Checking @CryptoCred...
Twitter API error: HTTP Error 401: Unauthorized
Checking @IamNomad...
Twitter API error: HTTP Error 401: Unauthorized
Checking @LightCrypto...
Twitter API error: HTTP Error 401: Unauthorized
Checking @IncomeSharks...
Twitter API error: HTTP Error 401: Unauthorized
Checking @PeterLBrandt...
Twitter API error: HTTP Error 401: Unauthorized
Checking @CryptoKaleo...
Twitter API error: HTTP Error 401: Unauthorized
Checking @woonomic...
Twitter API error: HTTP Error 401: Unauthorized
Checking @RaoulGMI...
Twitter API error: HTTP Error 401: Unauthorized
Checking @TheCryptoDog...
Twitter API error: HTTP Error 401: Unauthorized
Checking @CryptoCapo_...
Twitter API error: HTTP Error 401: Unauthorized
Checking @TraderMayne...
Twitter API error: HTTP Error 401: Unauthorized
Checking @Trader_XO...
Twitter API error: HTTP Error 401: Unauthorized
Checking @CryptoMichNL...
Twitter API error: HTTP Error 401: Unauthorized
Checking @AltcoinPsycho...
Twitter API error: HTTP Error 401: Unauthorized
Checking @MrMichaelNye...
Twitter API error: HTTP Error 401: Unauthorized
Checking @CryptoWendyO...
Twitter API error: HTTP Error 401: Unauthorized
Checking @Throne...
Twitter API error: HTTP Error 401: Unauthorized
Checking @CryptoISO...
Twitter API error: HTTP Error 401: Unauthorized
Checking @MooMsyndrome...
Twitter API error: HTTP Error 401: Unauthorized
Checking @FintechFraming...
Twitter API error: HTTP Error 401: Unauthorized
Twitter API error: HTTP Error 401: Unauthorized
X20 scan complete. 0 alerts sent.
Starting X20 Pro scan at 2026-05-12 12:30
Checking @CryptoCred...
Twitter API error: HTTP Error 401: Unauthorized
Checking @IamNomad...
Twitter API error: HTTP Error 401: Unauthorized
Checking @LightCrypto...
Twitter API error: HTTP Error 401: Unauthorized
Checking @IncomeSharks...
Twitter API error: HTTP Error 401: Unauthorized
Checking @PeterLBrandt...
Twitter API error: HTTP Error 401: Unauthorized
Checking @CryptoKaleo...
Twitter API error: HTTP Error 401: Unauthorized
Checking @woonomic...
Twitter API error: HTTP Error 401: Unauthorized
Checking @RaoulGMI...
Twitter API error: HTTP Error 401: Unauthorized
Checking @TheCryptoDog...
Twitter API error: HTTP Error 401: Unauthorized
Checking @CryptoCapo_...
Twitter API error: HTTP Error 401: Unauthorized
Checking @TraderMayne...
Twitter API error: HTTP Error 401: Unauthorized
Checking @Trader_XO...
Twitter API error: HTTP Error 401: Unauthorized
Checking @CryptoMichNL...
Twitter API error: HTTP Error 401: Unauthorized
Checking @AltcoinPsycho...
Twitter API error: HTTP Error 401: Unauthorized
Checking @MrMichaelNye...
Twitter API error: HTTP Error 401: Unauthorized
Checking @CryptoWendyO...
Twitter API error: HTTP Error 401: Unauthorized
Checking @Throne...
Twitter API error: HTTP Error 401: Unauthorized
Checking @CryptoISO...
Twitter API error: HTTP Error 401: Unauthorized
Checking @MooMsyndrome...
Twitter API error: HTTP Error 401: Unauthorized
Checking @FintechFraming...
Twitter API error: HTTP Error 401: Unauthorized
Twitter API error: HTTP Error 401: Unauthorized
X20 scan complete. 0 alerts sent.
Starting X20 Pro scan at 2026-05-12 12:45
Checking @CryptoCred...
Twitter API error: HTTP Error 401: Unauthorized
Checking @IamNomad...
Twitter API error: HTTP Error 401: Unauthorized
Checking @LightCrypto...
Twitter API error: HTTP Error 401: Unauthorized
Checking @IncomeSharks...
Twitter API error: HTTP Error 401: Unauthorized
Checking @PeterLBrandt...
Twitter API error: HTTP Error 401: Unauthorized
Checking @CryptoKaleo...
Twitter API error: HTTP Error 401: Unauthorized
Checking @woonomic...
Twitter API error: HTTP Error 401: Unauthorized
Checking @RaoulGMI...
Twitter API error: HTTP Error 401: Unauthorized
Checking @TheCryptoDog...
Twitter API error: HTTP Error 401: Unauthorized
Checking @CryptoCapo_...
Twitter API error: HTTP Error 401: Unauthorized
Checking @TraderMayne...
Twitter API error: HTTP Error 401: Unauthorized
Checking @Trader_XO...
Twitter API error: HTTP Error 401: Unauthorized
Checking @CryptoMichNL...
Twitter API error: HTTP Error 401: Unauthorized
Checking @AltcoinPsycho...
Twitter API error: HTTP Error 401: Unauthorized
Checking @MrMichaelNye...
Twitter API error: HTTP Error 401: Unauthorized
Checking @CryptoWendyO...
Twitter API error: HTTP Error 401: Unauthorized
Checking @Throne...
Twitter API error: HTTP Error 401: Unauthorized
Checking @CryptoISO...
Twitter API error: HTTP Error 401: Unauthorized
Checking @MooMsyndrome...
Twitter API error: HTTP Error 401: Unauthorized
Checking @FintechFraming...
Twitter API error: HTTP Error 401: Unauthorized
Twitter API error: HTTP Error 401: Unauthorized
X20 scan complete. 0 alerts sent.
Starting X20 Pro scan at 2026-05-12 13:30
Checking @CryptoCred...
Twitter API error: HTTP Error 401: Unauthorized
Checking @IamNomad...
Twitter API error: HTTP Error 401: Unauthorized
Checking @LightCrypto...
Twitter API error: HTTP Error 401: Unauthorized
Checking @IncomeSharks...
Twitter API error: HTTP Error 401: Unauthorized
Checking @PeterLBrandt...
Twitter API error: HTTP Error 401: Unauthorized
Checking @CryptoKaleo...
Twitter API error: HTTP Error 401: Unauthorized
Checking @woonomic...
Twitter API error: HTTP Error 401: Unauthorized
Checking @RaoulGMI...
Twitter API error: HTTP Error 401: Unauthorized
Checking @TheCryptoDog...
Twitter API error: HTTP Error 401: Unauthorized
Checking @CryptoCapo_...
Twitter API error: HTTP Error 401: Unauthorized
Checking @TraderMayne...
Twitter API error: HTTP Error 401: Unauthorized
Checking @Trader_XO...
Twitter API error: HTTP Error 401: Unauthorized
Checking @CryptoMichNL...
Twitter API error: HTTP Error 401: Unauthorized
Checking @AltcoinPsycho...
Twitter API error: HTTP Error 401: Unauthorized
Checking @MrMichaelNye...
Twitter API error: HTTP Error 401: Unauthorized
Checking @CryptoWendyO...
Twitter API error: HTTP Error 401: Unauthorized
Checking @Throne...
Twitter API error: HTTP Error 401: Unauthorized
Checking @CryptoISO...
Twitter API error: HTTP Error 401: Unauthorized
Checking @MooMsyndrome...
Twitter API error: HTTP Error 401: Unauthorized
Checking @FintechFraming...
Twitter API error: HTTP Error 401: Unauthorized
Twitter API error: HTTP Error 401: Unauthorized
X20 scan complete. 0 alerts sent.
